<?xml version="1.0" encoding="UTF-8"?>
<coverage generated="1707889838048" clover="3.2.0">
  <project timestamp="1707889838048" name="All files">
    <metrics statements="374" coveredstatements="361" conditionals="139" coveredconditionals="129" methods="71" coveredmethods="68" elements="584" coveredelements="558" complexity="0" loc="374" ncloc="374" packages="5" files="16" classes="16"/>
    <package name="express-jobly">
      <metrics statements="40" coveredstatements="38" conditionals="22" coveredconditionals="18" methods="10" coveredmethods="8"/>
      <file name="app.js" path="/home/solnguyen93/Springboard/EXERCISES/express-jobly/app.js">
        <metrics statements="16" coveredstatements="16" conditionals="4" coveredconditionals="4" methods="2" coveredmethods="2"/>
        <line num="15" count="5" type="stmt"/>
        <line num="17" count="5" type="stmt"/>
        <line num="18" count="5" type="stmt"/>
        <line num="19" count="5" type="stmt"/>
        <line num="20" count="5" type="stmt"/>
        <line num="22" count="5" type="stmt"/>
        <line num="23" count="5" type="stmt"/>
        <line num="24" count="5" type="stmt"/>
        <line num="25" count="5" type="stmt"/>
        <line num="28" count="5" type="stmt"/>
        <line num="29" count="2" type="stmt"/>
        <line num="33" count="5" type="stmt"/>
        <line num="34" count="60" type="cond" truecount="2" falsecount="0"/>
        <line num="35" count="60" type="cond" truecount="2" falsecount="0"/>
        <line num="36" count="60" type="stmt"/>
        <line num="38" count="60" type="stmt"/>
      </file>
      <file name="config.js" path="/home/solnguyen93/Springboard/EXERCISES/express-jobly/config.js">
        <metrics statements="11" coveredstatements="11" conditionals="10" coveredconditionals="10" methods="1" coveredmethods="1"/>
        <line num="7" count="12" type="stmt"/>
        <line num="11" count="12" type="cond" truecount="2" falsecount="0"/>
        <line num="13" count="12" type="cond" truecount="2" falsecount="0"/>
        <line num="17" count="23" type="cond" truecount="4" falsecount="0"/>
        <line num="23" count="12" type="cond" truecount="2" falsecount="0"/>
        <line num="25" count="12" type="stmt"/>
        <line num="26" count="12" type="stmt"/>
        <line num="27" count="12" type="stmt"/>
        <line num="28" count="12" type="stmt"/>
        <line num="29" count="12" type="stmt"/>
        <line num="30" count="12" type="stmt"/>
      </file>
      <file name="db.js" path="/home/solnguyen93/Springboard/EXERCISES/express-jobly/db.js">
        <metrics statements="6" coveredstatements="5" conditionals="4" coveredconditionals="2" methods="2" coveredmethods="1"/>
        <line num="6" count="8" type="stmt"/>
        <line num="7" count="8" type="stmt"/>
        <line num="9" count="8" type="stmt"/>
        <line num="15" count="8" type="stmt"/>
        <line num="16" count="8" type="stmt"/>
        <line num="17" count="0" type="stmt"/>
      </file>
      <file name="expressError.js" path="/home/solnguyen93/Springboard/EXERCISES/express-jobly/expressError.js">
        <metrics statements="7" coveredstatements="6" conditionals="4" coveredconditionals="2" methods="5" coveredmethods="4"/>
        <line num="9" count="83" type="stmt"/>
        <line num="10" count="83" type="stmt"/>
        <line num="11" count="83" type="stmt"/>
        <line num="19" count="24" type="stmt"/>
        <line num="27" count="33" type="stmt"/>
        <line num="35" count="26" type="stmt"/>
        <line num="43" count="0" type="stmt"/>
      </file>
    </package>
    <package name="express-jobly.helpers">
      <metrics statements="7" coveredstatements="7" conditionals="6" coveredconditionals="6" methods="3" coveredmethods="3"/>
      <file name="sql.js" path="/home/solnguyen93/Springboard/EXERCISES/express-jobly/helpers/sql.js">
        <metrics statements="4" coveredstatements="4" conditionals="4" coveredconditionals="4" methods="2" coveredmethods="2"/>
        <line num="31" count="22" type="stmt"/>
        <line num="32" count="22" type="cond" truecount="2" falsecount="0"/>
        <line num="35" count="37" type="cond" truecount="2" falsecount="0"/>
        <line num="37" count="18" type="stmt"/>
      </file>
      <file name="tokens.js" path="/home/solnguyen93/Springboard/EXERCISES/express-jobly/helpers/tokens.js">
        <metrics statements="3" coveredstatements="3" conditionals="2" coveredconditionals="2" methods="1" coveredmethods="1"/>
        <line num="13" count="15" type="stmt"/>
        <line num="15" count="15" type="stmt"/>
        <line num="20" count="15" type="stmt"/>
      </file>
    </package>
    <package name="express-jobly.middleware">
      <metrics statements="20" coveredstatements="20" conditionals="16" coveredconditionals="16" methods="4" coveredmethods="4"/>
      <file name="auth.js" path="/home/solnguyen93/Springboard/EXERCISES/express-jobly/middleware/auth.js">
        <metrics statements="20" coveredstatements="20" conditionals="16" coveredconditionals="16" methods="4" coveredmethods="4"/>
        <line num="16" count="96" type="stmt"/>
        <line num="17" count="96" type="cond" truecount="2" falsecount="0"/>
        <line num="18" count="96" type="cond" truecount="2" falsecount="0"/>
        <line num="19" count="59" type="stmt"/>
        <line num="20" count="59" type="stmt"/>
        <line num="22" count="95" type="stmt"/>
        <line num="24" count="1" type="stmt"/>
        <line num="34" count="2" type="stmt"/>
        <line num="35" count="2" type="cond" truecount="2" falsecount="0"/>
        <line num="36" count="1" type="stmt"/>
        <line num="38" count="1" type="stmt"/>
        <line num="48" count="43" type="stmt"/>
        <line num="49" count="43" type="cond" truecount="4" falsecount="0"/>
        <line num="50" count="25" type="stmt"/>
        <line num="52" count="18" type="stmt"/>
        <line num="62" count="29" type="stmt"/>
        <line num="63" count="29" type="cond" truecount="6" falsecount="0"/>
        <line num="64" count="10" type="stmt"/>
        <line num="66" count="19" type="stmt"/>
        <line num="68" count="10" type="stmt"/>
      </file>
    </package>
    <package name="express-jobly.models">
      <metrics statements="131" coveredstatements="129" conditionals="63" coveredconditionals="61" methods="21" coveredmethods="21"/>
      <file name="_testCommon.js" path="/home/solnguyen93/Springboard/EXERCISES/express-jobly/models/_testCommon.js">
        <metrics statements="9" coveredstatements="9" conditionals="0" coveredconditionals="0" methods="4" coveredmethods="4"/>
        <line num="7" count="3" type="stmt"/>
        <line num="9" count="3" type="stmt"/>
        <line num="11" count="3" type="stmt"/>
        <line num="13" count="3" type="stmt"/>
        <line num="19" count="3" type="stmt"/>
        <line num="32" count="3" type="stmt"/>
        <line num="40" count="51" type="stmt"/>
        <line num="44" count="51" type="stmt"/>
        <line num="48" count="3" type="stmt"/>
      </file>
      <file name="company.js" path="/home/solnguyen93/Springboard/EXERCISES/express-jobly/models/company.js">
        <metrics statements="40" coveredstatements="39" conditionals="22" coveredconditionals="21" methods="5" coveredmethods="5"/>
        <line num="18" count="20" type="stmt"/>
        <line num="25" count="20" type="cond" truecount="2" falsecount="0"/>
        <line num="27" count="19" type="stmt"/>
        <line num="34" count="19" type="stmt"/>
        <line num="36" count="19" type="stmt"/>
        <line num="65" count="12" type="cond" truecount="4" falsecount="1"/>
        <line num="66" count="0" type="stmt"/>
        <line num="70" count="12" type="stmt"/>
        <line num="71" count="12" type="stmt"/>
        <line num="74" count="12" type="cond" truecount="2" falsecount="0"/>
        <line num="76" count="5" type="stmt"/>
        <line num="77" count="5" type="stmt"/>
        <line num="79" count="12" type="cond" truecount="2" falsecount="0"/>
        <line num="81" count="4" type="stmt"/>
        <line num="82" count="4" type="stmt"/>
        <line num="84" count="12" type="cond" truecount="2" falsecount="0"/>
        <line num="86" count="3" type="stmt"/>
        <line num="87" count="3" type="stmt"/>
        <line num="91" count="12" type="stmt"/>
        <line num="94" count="12" type="cond" truecount="2" falsecount="0"/>
        <line num="95" count="9" type="stmt"/>
        <line num="99" count="12" type="stmt"/>
        <line num="102" count="12" type="stmt"/>
        <line num="104" count="11" type="stmt"/>
        <line num="116" count="5" type="stmt"/>
        <line num="127" count="5" type="stmt"/>
        <line num="129" count="5" type="cond" truecount="2" falsecount="0"/>
        <line num="131" count="3" type="stmt"/>
        <line num="139" count="3" type="stmt"/>
        <line num="141" count="3" type="stmt"/>
        <line num="157" count="6" type="stmt"/>
        <line num="161" count="5" type="stmt"/>
        <line num="163" count="5" type="stmt"/>
        <line num="172" count="5" type="stmt"/>
        <line num="173" count="5" type="stmt"/>
        <line num="175" count="5" type="cond" truecount="2" falsecount="0"/>
        <line num="177" count="3" type="stmt"/>
        <line num="186" count="4" type="stmt"/>
        <line num="193" count="4" type="stmt"/>
        <line num="195" count="4" type="cond" truecount="2" falsecount="0"/>
      </file>
      <file name="job.js" path="/home/solnguyen93/Springboard/EXERCISES/express-jobly/models/job.js">
        <metrics statements="37" coveredstatements="36" conditionals="21" coveredconditionals="20" methods="5" coveredmethods="5"/>
        <line num="18" count="16" type="stmt"/>
        <line num="28" count="16" type="cond" truecount="2" falsecount="0"/>
        <line num="30" count="15" type="stmt"/>
        <line num="38" count="15" type="stmt"/>
        <line num="40" count="15" type="stmt"/>
        <line num="52" count="4" type="stmt"/>
        <line num="69" count="4" type="stmt"/>
        <line num="71" count="4" type="cond" truecount="2" falsecount="0"/>
        <line num="73" count="2" type="stmt"/>
        <line num="98" count="6" type="stmt"/>
        <line num="100" count="5" type="cond" truecount="3" falsecount="1"/>
        <line num="101" count="0" type="stmt"/>
        <line num="103" count="5" type="stmt"/>
        <line num="105" count="5" type="stmt"/>
        <line num="110" count="5" type="stmt"/>
        <line num="111" count="5" type="stmt"/>
        <line num="113" count="5" type="cond" truecount="2" falsecount="0"/>
        <line num="115" count="3" type="stmt"/>
        <line num="143" count="10" type="stmt"/>
        <line num="144" count="10" type="stmt"/>
        <line num="147" count="10" type="cond" truecount="2" falsecount="0"/>
        <line num="148" count="4" type="stmt"/>
        <line num="149" count="4" type="stmt"/>
        <line num="151" count="10" type="cond" truecount="2" falsecount="0"/>
        <line num="152" count="3" type="stmt"/>
        <line num="153" count="3" type="stmt"/>
        <line num="155" count="10" type="cond" truecount="2" falsecount="0"/>
        <line num="156" count="2" type="stmt"/>
        <line num="160" count="10" type="stmt"/>
        <line num="163" count="10" type="cond" truecount="2" falsecount="0"/>
        <line num="164" count="7" type="stmt"/>
        <line num="168" count="10" type="stmt"/>
        <line num="171" count="10" type="stmt"/>
        <line num="173" count="9" type="stmt"/>
        <line num="182" count="4" type="stmt"/>
        <line num="189" count="4" type="stmt"/>
        <line num="191" count="4" type="cond" truecount="2" falsecount="0"/>
      </file>
      <file name="user.js" path="/home/solnguyen93/Springboard/EXERCISES/express-jobly/models/user.js">
        <metrics statements="45" coveredstatements="45" conditionals="20" coveredconditionals="20" methods="7" coveredmethods="7"/>
        <line num="20" count="7" type="stmt"/>
        <line num="32" count="7" type="stmt"/>
        <line num="34" count="7" type="cond" truecount="2" falsecount="0"/>
        <line num="36" count="4" type="stmt"/>
        <line num="37" count="4" type="cond" truecount="2" falsecount="0"/>
        <line num="38" count="3" type="stmt"/>
        <line num="39" count="3" type="stmt"/>
        <line num="43" count="4" type="stmt"/>
        <line num="54" count="19" type="stmt"/>
        <line num="61" count="19" type="cond" truecount="2" falsecount="0"/>
        <line num="62" count="1" type="stmt"/>
        <line num="65" count="18" type="stmt"/>
        <line num="67" count="18" type="stmt"/>
        <line num="80" count="18" type="stmt"/>
        <line num="82" count="18" type="stmt"/>
        <line num="91" count="3" type="stmt"/>
        <line num="108" count="2" type="stmt"/>
        <line num="120" count="6" type="stmt"/>
        <line num="138" count="6" type="stmt"/>
        <line num="140" count="6" type="cond" truecount="2" falsecount="0"/>
        <line num="142" count="4" type="stmt"/>
        <line num="163" count="8" type="cond" truecount="2" falsecount="0"/>
        <line num="164" count="2" type="stmt"/>
        <line num="167" count="8" type="stmt"/>
        <line num="172" count="7" type="stmt"/>
        <line num="174" count="7" type="stmt"/>
        <line num="182" count="7" type="stmt"/>
        <line num="183" count="7" type="stmt"/>
        <line num="185" count="7" type="cond" truecount="2" falsecount="0"/>
        <line num="187" count="5" type="stmt"/>
        <line num="188" count="5" type="stmt"/>
        <line num="194" count="5" type="stmt"/>
        <line num="201" count="5" type="stmt"/>
        <line num="203" count="5" type="cond" truecount="2" falsecount="0"/>
        <line num="213" count="12" type="stmt"/>
        <line num="219" count="12" type="stmt"/>
        <line num="220" count="12" type="cond" truecount="2" falsecount="0"/>
        <line num="223" count="10" type="stmt"/>
        <line num="229" count="10" type="stmt"/>
        <line num="230" count="10" type="cond" truecount="2" falsecount="0"/>
        <line num="233" count="8" type="stmt"/>
        <line num="239" count="8" type="stmt"/>
        <line num="240" count="8" type="cond" truecount="2" falsecount="0"/>
        <line num="241" count="2" type="stmt"/>
        <line num="245" count="6" type="stmt"/>
      </file>
    </package>
    <package name="express-jobly.routes">
      <metrics statements="176" coveredstatements="167" conditionals="32" coveredconditionals="28" methods="33" coveredmethods="32"/>
      <file name="_testCommon.js" path="/home/solnguyen93/Springboard/EXERCISES/express-jobly/routes/_testCommon.js">
        <metrics statements="22" coveredstatements="22" conditionals="0" coveredconditionals="0" methods="4" coveredmethods="4"/>
        <line num="7" count="4" type="stmt"/>
        <line num="11" count="4" type="stmt"/>
        <line num="13" count="4" type="stmt"/>
        <line num="15" count="4" type="stmt"/>
        <line num="17" count="4" type="stmt"/>
        <line num="24" count="4" type="stmt"/>
        <line num="31" count="4" type="stmt"/>
        <line num="38" count="4" type="stmt"/>
        <line num="46" count="4" type="stmt"/>
        <line num="47" count="4" type="stmt"/>
        <line num="49" count="4" type="stmt"/>
        <line num="50" count="4" type="stmt"/>
        <line num="52" count="4" type="stmt"/>
        <line num="53" count="4" type="stmt"/>
        <line num="55" count="4" type="stmt"/>
        <line num="63" count="4" type="stmt"/>
        <line num="71" count="4" type="stmt"/>
        <line num="82" count="90" type="stmt"/>
        <line num="86" count="90" type="stmt"/>
        <line num="90" count="4" type="stmt"/>
        <line num="93" count="4" type="stmt"/>
        <line num="95" count="4" type="stmt"/>
      </file>
      <file name="auth.js" path="/home/solnguyen93/Springboard/EXERCISES/express-jobly/routes/auth.js">
        <metrics statements="22" coveredstatements="22" conditionals="4" coveredconditionals="4" methods="4" coveredmethods="4"/>
        <line num="11" count="5" type="stmt"/>
        <line num="20" count="5" type="stmt"/>
        <line num="21" count="5" type="stmt"/>
        <line num="22" count="5" type="stmt"/>
        <line num="23" count="5" type="cond" truecount="2" falsecount="0"/>
        <line num="24" count="2" type="stmt"/>
        <line num="25" count="2" type="stmt"/>
        <line num="28" count="3" type="stmt"/>
        <line num="29" count="3" type="stmt"/>
        <line num="30" count="1" type="stmt"/>
        <line num="31" count="1" type="stmt"/>
        <line num="33" count="4" type="stmt"/>
        <line num="46" count="5" type="stmt"/>
        <line num="47" count="3" type="stmt"/>
        <line num="48" count="3" type="stmt"/>
        <line num="49" count="3" type="cond" truecount="2" falsecount="0"/>
        <line num="50" count="5" type="stmt"/>
        <line num="51" count="2" type="stmt"/>
        <line num="54" count="1" type="stmt"/>
        <line num="55" count="1" type="stmt"/>
        <line num="56" count="1" type="stmt"/>
        <line num="58" count="2" type="stmt"/>
      </file>
      <file name="companies.js" path="/home/solnguyen93/Springboard/EXERCISES/express-jobly/routes/companies.js">
        <metrics statements="41" coveredstatements="41" conditionals="12" coveredconditionals="11" methods="8" coveredmethods="8"/>
        <line num="15" count="5" type="stmt"/>
        <line num="26" count="5" type="stmt"/>
        <line num="27" count="3" type="stmt"/>
        <line num="28" count="3" type="stmt"/>
        <line num="29" count="3" type="cond" truecount="2" falsecount="0"/>
        <line num="30" count="3" type="stmt"/>
        <line num="31" count="2" type="stmt"/>
        <line num="34" count="1" type="stmt"/>
        <line num="35" count="1" type="stmt"/>
        <line num="37" count="2" type="stmt"/>
        <line num="54" count="5" type="stmt"/>
        <line num="55" count="7" type="stmt"/>
        <line num="56" count="7" type="stmt"/>
        <line num="59" count="7" type="stmt"/>
        <line num="60" count="7" type="cond" truecount="2" falsecount="0"/>
        <line num="61" count="1" type="stmt"/>
        <line num="64" count="6" type="cond" truecount="2" falsecount="0"/>
        <line num="66" count="6" type="cond" truecount="2" falsecount="0"/>
        <line num="68" count="6" type="cond" truecount="1" falsecount="1"/>
        <line num="69" count="6" type="stmt"/>
        <line num="70" count="5" type="stmt"/>
        <line num="72" count="2" type="stmt"/>
        <line num="83" count="5" type="stmt"/>
        <line num="84" count="3" type="stmt"/>
        <line num="85" count="3" type="stmt"/>
        <line num="86" count="2" type="stmt"/>
        <line num="88" count="1" type="stmt"/>
        <line num="103" count="5" type="stmt"/>
        <line num="104" count="4" type="stmt"/>
        <line num="105" count="4" type="stmt"/>
        <line num="106" count="4" type="cond" truecount="2" falsecount="0"/>
        <line num="107" count="2" type="stmt"/>
        <line num="108" count="2" type="stmt"/>
        <line num="111" count="2" type="stmt"/>
        <line num="112" count="1" type="stmt"/>
        <line num="114" count="3" type="stmt"/>
        <line num="123" count="5" type="stmt"/>
        <line num="124" count="2" type="stmt"/>
        <line num="125" count="2" type="stmt"/>
        <line num="126" count="1" type="stmt"/>
        <line num="128" count="1" type="stmt"/>
      </file>
      <file name="jobs.js" path="/home/solnguyen93/Springboard/EXERCISES/express-jobly/routes/jobs.js">
        <metrics statements="51" coveredstatements="42" conditionals="12" coveredconditionals="9" methods="9" coveredmethods="8"/>
        <line num="13" count="5" type="stmt"/>
        <line num="24" count="5" type="stmt"/>
        <line num="25" count="3" type="stmt"/>
        <line num="26" count="3" type="stmt"/>
        <line num="27" count="3" type="cond" truecount="2" falsecount="0"/>
        <line num="28" count="5" type="stmt"/>
        <line num="29" count="2" type="stmt"/>
        <line num="32" count="1" type="stmt"/>
        <line num="33" count="1" type="stmt"/>
        <line num="35" count="2" type="stmt"/>
        <line num="50" count="5" type="stmt"/>
        <line num="51" count="6" type="stmt"/>
        <line num="52" count="6" type="stmt"/>
        <line num="55" count="6" type="stmt"/>
        <line num="56" count="6" type="cond" truecount="2" falsecount="0"/>
        <line num="57" count="1" type="stmt"/>
        <line num="61" count="5" type="cond" truecount="2" falsecount="0"/>
        <line num="64" count="5" type="stmt"/>
        <line num="66" count="5" type="cond" truecount="1" falsecount="1"/>
        <line num="67" count="5" type="stmt"/>
        <line num="68" count="4" type="stmt"/>
        <line num="70" count="2" type="stmt"/>
        <line num="74" count="5" type="stmt"/>
        <line num="75" count="0" type="stmt"/>
        <line num="77" count="0" type="cond" truecount="0" falsecount="2"/>
        <line num="78" count="0" type="stmt"/>
        <line num="80" count="0" type="stmt"/>
        <line num="82" count="0" type="stmt"/>
        <line num="83" count="0" type="stmt"/>
        <line num="85" count="0" type="stmt"/>
        <line num="86" count="0" type="stmt"/>
        <line num="88" count="0" type="stmt"/>
        <line num="100" count="5" type="stmt"/>
        <line num="101" count="2" type="stmt"/>
        <line num="102" count="2" type="stmt"/>
        <line num="103" count="1" type="stmt"/>
        <line num="105" count="1" type="stmt"/>
        <line num="120" count="5" type="stmt"/>
        <line num="121" count="4" type="stmt"/>
        <line num="122" count="4" type="stmt"/>
        <line num="123" count="4" type="cond" truecount="2" falsecount="0"/>
        <line num="124" count="2" type="stmt"/>
        <line num="125" count="2" type="stmt"/>
        <line num="128" count="2" type="stmt"/>
        <line num="129" count="1" type="stmt"/>
        <line num="131" count="3" type="stmt"/>
        <line num="140" count="5" type="stmt"/>
        <line num="141" count="2" type="stmt"/>
        <line num="142" count="2" type="stmt"/>
        <line num="143" count="1" type="stmt"/>
        <line num="145" count="1" type="stmt"/>
      </file>
      <file name="users.js" path="/home/solnguyen93/Springboard/EXERCISES/express-jobly/routes/users.js">
        <metrics statements="40" coveredstatements="40" conditionals="4" coveredconditionals="4" methods="8" coveredmethods="8"/>
        <line num="12" count="5" type="stmt"/>
        <line num="26" count="5" type="stmt"/>
        <line num="27" count="4" type="stmt"/>
        <line num="28" count="4" type="stmt"/>
        <line num="29" count="4" type="cond" truecount="2" falsecount="0"/>
        <line num="30" count="5" type="stmt"/>
        <line num="31" count="2" type="stmt"/>
        <line num="34" count="2" type="stmt"/>
        <line num="35" count="2" type="stmt"/>
        <line num="36" count="2" type="stmt"/>
        <line num="38" count="2" type="stmt"/>
        <line num="49" count="5" type="stmt"/>
        <line num="50" count="2" type="stmt"/>
        <line num="51" count="2" type="stmt"/>
        <line num="52" count="1" type="stmt"/>
        <line num="54" count="1" type="stmt"/>
        <line num="65" count="5" type="stmt"/>
        <line num="66" count="3" type="stmt"/>
        <line num="67" count="3" type="stmt"/>
        <line num="68" count="2" type="stmt"/>
        <line num="70" count="1" type="stmt"/>
        <line num="84" count="5" type="stmt"/>
        <line num="85" count="5" type="stmt"/>
        <line num="86" count="5" type="stmt"/>
        <line num="87" count="5" type="cond" truecount="2" falsecount="0"/>
        <line num="88" count="1" type="stmt"/>
        <line num="89" count="1" type="stmt"/>
        <line num="92" count="4" type="stmt"/>
        <line num="93" count="3" type="stmt"/>
        <line num="95" count="2" type="stmt"/>
        <line num="104" count="5" type="stmt"/>
        <line num="105" count="3" type="stmt"/>
        <line num="106" count="3" type="stmt"/>
        <line num="107" count="2" type="stmt"/>
        <line num="109" count="1" type="stmt"/>
        <line num="114" count="5" type="stmt"/>
        <line num="115" count="6" type="stmt"/>
        <line num="116" count="6" type="stmt"/>
        <line num="117" count="3" type="stmt"/>
        <line num="119" count="3" type="stmt"/>
      </file>
    </package>
  </project>
</coverage>
