<?xml version="1.0" encoding="UTF-8"?>
<coverage generated="1707289021699" clover="3.2.0">
  <project timestamp="1707289021699" name="All files">
    <metrics statements="11" coveredstatements="8" conditionals="8" coveredconditionals="4" methods="7" coveredmethods="4" elements="26" coveredelements="16" complexity="0" loc="11" ncloc="11" packages="2" files="2" classes="2"/>
    <package name="express-jobly">
      <metrics statements="7" coveredstatements="4" conditionals="4" coveredconditionals="0" methods="5" coveredmethods="2"/>
      <file name="expressError.js" path="/home/solnguyen93/Springboard/EXERCISES/express-jobly/expressError.js">
        <metrics statements="7" coveredstatements="4" conditionals="4" coveredconditionals="0" methods="5" coveredmethods="2"/>
        <line num="9" count="1" type="stmt"/>
        <line num="10" count="1" type="stmt"/>
        <line num="11" count="1" type="stmt"/>
        <line num="19" count="0" type="stmt"/>
        <line num="27" count="0" type="stmt"/>
        <line num="35" count="1" type="stmt"/>
        <line num="43" count="0" type="stmt"/>
      </file>
    </package>
    <package name="express-jobly.helpers">
      <metrics statements="4" coveredstatements="4" conditionals="4" coveredconditionals="4" methods="2" coveredmethods="2"/>
      <file name="sql.js" path="/home/solnguyen93/Springboard/EXERCISES/express-jobly/helpers/sql.js">
        <metrics statements="4" coveredstatements="4" conditionals="4" coveredconditionals="4" methods="2" coveredmethods="2"/>
        <line num="31" count="2" type="stmt"/>
        <line num="32" count="2" type="cond" truecount="2" falsecount="0"/>
        <line num="35" count="3" type="cond" truecount="2" falsecount="0"/>
        <line num="37" count="1" type="stmt"/>
      </file>
    </package>
  </project>
</coverage>
