{"/home/solnguyen93/Springboard/EXERCISES/express-jobly/app.js": {"path":"/home/solnguyen93/Springboard/EXERCISES/express-jobly/app.js","statementMap":{"0":{"start":{"line":15,"column":12},"end":{"line":15,"column":21}},"1":{"start":{"line":17,"column":0},"end":{"line":17,"column":16}},"2":{"start":{"line":18,"column":0},"end":{"line":18,"column":24}},"3":{"start":{"line":19,"column":0},"end":{"line":19,"column":24}},"4":{"start":{"line":20,"column":0},"end":{"line":20,"column":25}},"5":{"start":{"line":22,"column":0},"end":{"line":22,"column":29}},"6":{"start":{"line":23,"column":0},"end":{"line":23,"column":39}},"7":{"start":{"line":24,"column":0},"end":{"line":24,"column":31}},"8":{"start":{"line":25,"column":0},"end":{"line":25,"column":29}},"9":{"start":{"line":28,"column":0},"end":{"line":30,"column":3}},"10":{"start":{"line":29,"column":4},"end":{"line":29,"column":37}},"11":{"start":{"line":33,"column":0},"end":{"line":41,"column":3}},"12":{"start":{"line":34,"column":4},"end":{"line":34,"column":66}},"13":{"start":{"line":34,"column":41},"end":{"line":34,"column":66}},"14":{"start":{"line":35,"column":19},"end":{"line":35,"column":36}},"15":{"start":{"line":36,"column":20},"end":{"line":36,"column":31}},"16":{"start":{"line":38,"column":4},"end":{"line":40,"column":7}}},"fnMap":{"0":{"name":"(anonymous_0)","decl":{"start":{"line":28,"column":8},"end":{"line":28,"column":9}},"loc":{"start":{"line":28,"column":28},"end":{"line":30,"column":1}},"line":28},"1":{"name":"(anonymous_1)","decl":{"start":{"line":33,"column":8},"end":{"line":33,"column":9}},"loc":{"start":{"line":33,"column":33},"end":{"line":41,"column":1}},"line":33}},"branchMap":{"0":{"loc":{"start":{"line":34,"column":4},"end":{"line":34,"column":66}},"type":"if","locations":[{"start":{"line":34,"column":4},"end":{"line":34,"column":66}},{"start":{},"end":{}}],"line":34},"1":{"loc":{"start":{"line":35,"column":19},"end":{"line":35,"column":36}},"type":"binary-expr","locations":[{"start":{"line":35,"column":19},"end":{"line":35,"column":29}},{"start":{"line":35,"column":33},"end":{"line":35,"column":36}}],"line":35}},"s":{"0":5,"1":5,"2":5,"3":5,"4":5,"5":5,"6":5,"7":5,"8":5,"9":5,"10":2,"11":5,"12":60,"13":1,"14":60,"15":60,"16":60},"f":{"0":2,"1":60},"b":{"0":[1,59],"1":[60,3]},"_coverageSchema":"1a1c01bbd47fc00a2c39e90264f33305004495a9","hash":"f2f309872194afc6836bad969bbd93a63a18e5e9"}
,"/home/solnguyen93/Springboard/EXERCISES/express-jobly/config.js": {"path":"/home/solnguyen93/Springboard/EXERCISES/express-jobly/config.js","statementMap":{"0":{"start":{"line":7,"column":0},"end":{"line":7,"column":16}},"1":{"start":{"line":11,"column":19},"end":{"line":11,"column":57}},"2":{"start":{"line":13,"column":13},"end":{"line":13,"column":38}},"3":{"start":{"line":17,"column":4},"end":{"line":17,"column":96}},"4":{"start":{"line":23,"column":27},"end":{"line":23,"column":67}},"5":{"start":{"line":25,"column":0},"end":{"line":25,"column":35}},"6":{"start":{"line":26,"column":0},"end":{"line":26,"column":46}},"7":{"start":{"line":27,"column":0},"end":{"line":27,"column":45}},"8":{"start":{"line":28,"column":0},"end":{"line":28,"column":61}},"9":{"start":{"line":29,"column":0},"end":{"line":29,"column":50}},"10":{"start":{"line":30,"column":0},"end":{"line":30,"column":19}}},"fnMap":{"0":{"name":"getDatabaseUri","decl":{"start":{"line":16,"column":9},"end":{"line":16,"column":23}},"loc":{"start":{"line":16,"column":26},"end":{"line":18,"column":1}},"line":16}},"branchMap":{"0":{"loc":{"start":{"line":11,"column":19},"end":{"line":11,"column":57}},"type":"binary-expr","locations":[{"start":{"line":11,"column":19},"end":{"line":11,"column":41}},{"start":{"line":11,"column":45},"end":{"line":11,"column":57}}],"line":11},"1":{"loc":{"start":{"line":13,"column":13},"end":{"line":13,"column":38}},"type":"binary-expr","locations":[{"start":{"line":13,"column":13},"end":{"line":13,"column":30}},{"start":{"line":13,"column":34},"end":{"line":13,"column":38}}],"line":13},"2":{"loc":{"start":{"line":17,"column":11},"end":{"line":17,"column":95}},"type":"cond-expr","locations":[{"start":{"line":17,"column":45},"end":{"line":17,"column":57}},{"start":{"line":17,"column":60},"end":{"line":17,"column":95}}],"line":17},"3":{"loc":{"start":{"line":17,"column":60},"end":{"line":17,"column":95}},"type":"binary-expr","locations":[{"start":{"line":17,"column":60},"end":{"line":17,"column":84}},{"start":{"line":17,"column":88},"end":{"line":17,"column":95}}],"line":17},"4":{"loc":{"start":{"line":23,"column":27},"end":{"line":23,"column":67}},"type":"cond-expr","locations":[{"start":{"line":23,"column":61},"end":{"line":23,"column":62}},{"start":{"line":23,"column":65},"end":{"line":23,"column":67}}],"line":23}},"s":{"0":12,"1":12,"2":12,"3":23,"4":12,"5":12,"6":12,"7":12,"8":12,"9":12,"10":12},"f":{"0":23},"b":{"0":[12,11],"1":[12,11],"2":[20,3],"3":[3,1],"4":[11,1]},"_coverageSchema":"1a1c01bbd47fc00a2c39e90264f33305004495a9","hash":"dfd651f775024ed8591965501ce55dee7b75cb2f"}
,"/home/solnguyen93/Springboard/EXERCISES/express-jobly/db.js": {"path":"/home/solnguyen93/Springboard/EXERCISES/express-jobly/db.js","statementMap":{"0":{"start":{"line":6,"column":0},"end":{"line":6,"column":16}},"1":{"start":{"line":7,"column":19},"end":{"line":7,"column":22}},"2":{"start":{"line":9,"column":11},"end":{"line":13,"column":2}},"3":{"start":{"line":15,"column":0},"end":{"line":17,"column":81}},"4":{"start":{"line":16,"column":16},"end":{"line":16,"column":56}},"5":{"start":{"line":17,"column":22},"end":{"line":17,"column":79}}},"fnMap":{"0":{"name":"(anonymous_0)","decl":{"start":{"line":16,"column":10},"end":{"line":16,"column":11}},"loc":{"start":{"line":16,"column":16},"end":{"line":16,"column":56}},"line":16},"1":{"name":"(anonymous_1)","decl":{"start":{"line":17,"column":11},"end":{"line":17,"column":12}},"loc":{"start":{"line":17,"column":22},"end":{"line":17,"column":79}},"line":17}},"branchMap":{"0":{"loc":{"start":{"line":10,"column":10},"end":{"line":10,"column":48}},"type":"binary-expr","locations":[{"start":{"line":10,"column":10},"end":{"line":10,"column":29}},{"start":{"line":10,"column":33},"end":{"line":10,"column":48}}],"line":10},"1":{"loc":{"start":{"line":12,"column":14},"end":{"line":12,"column":56}},"type":"binary-expr","locations":[{"start":{"line":12,"column":14},"end":{"line":12,"column":37}},{"start":{"line":12,"column":41},"end":{"line":12,"column":56}}],"line":12}},"s":{"0":8,"1":8,"2":8,"3":8,"4":8,"5":0},"f":{"0":8,"1":0},"b":{"0":[8,0],"1":[8,0]},"_coverageSchema":"1a1c01bbd47fc00a2c39e90264f33305004495a9","hash":"0a3fd863f34ea29be11bdcc52a8b8f4c63692984"}
,"/home/solnguyen93/Springboard/EXERCISES/express-jobly/expressError.js": {"path":"/home/solnguyen93/Springboard/EXERCISES/express-jobly/expressError.js","statementMap":{"0":{"start":{"line":9,"column":8},"end":{"line":9,"column":16}},"1":{"start":{"line":10,"column":8},"end":{"line":10,"column":31}},"2":{"start":{"line":11,"column":8},"end":{"line":11,"column":29}},"3":{"start":{"line":19,"column":8},"end":{"line":19,"column":28}},"4":{"start":{"line":27,"column":8},"end":{"line":27,"column":28}},"5":{"start":{"line":35,"column":8},"end":{"line":35,"column":28}},"6":{"start":{"line":43,"column":8},"end":{"line":43,"column":28}}},"fnMap":{"0":{"name":"(anonymous_0)","decl":{"start":{"line":8,"column":4},"end":{"line":8,"column":5}},"loc":{"start":{"line":8,"column":33},"end":{"line":12,"column":5}},"line":8},"1":{"name":"(anonymous_1)","decl":{"start":{"line":18,"column":4},"end":{"line":18,"column":5}},"loc":{"start":{"line":18,"column":39},"end":{"line":20,"column":5}},"line":18},"2":{"name":"(anonymous_2)","decl":{"start":{"line":26,"column":4},"end":{"line":26,"column":5}},"loc":{"start":{"line":26,"column":42},"end":{"line":28,"column":5}},"line":26},"3":{"name":"(anonymous_3)","decl":{"start":{"line":34,"column":4},"end":{"line":34,"column":5}},"loc":{"start":{"line":34,"column":41},"end":{"line":36,"column":5}},"line":34},"4":{"name":"(anonymous_4)","decl":{"start":{"line":42,"column":4},"end":{"line":42,"column":5}},"loc":{"start":{"line":42,"column":39},"end":{"line":44,"column":5}},"line":42}},"branchMap":{"0":{"loc":{"start":{"line":18,"column":16},"end":{"line":18,"column":37}},"type":"default-arg","locations":[{"start":{"line":18,"column":26},"end":{"line":18,"column":37}}],"line":18},"1":{"loc":{"start":{"line":26,"column":16},"end":{"line":26,"column":40}},"type":"default-arg","locations":[{"start":{"line":26,"column":26},"end":{"line":26,"column":40}}],"line":26},"2":{"loc":{"start":{"line":34,"column":16},"end":{"line":34,"column":39}},"type":"default-arg","locations":[{"start":{"line":34,"column":26},"end":{"line":34,"column":39}}],"line":34},"3":{"loc":{"start":{"line":42,"column":16},"end":{"line":42,"column":37}},"type":"default-arg","locations":[{"start":{"line":42,"column":26},"end":{"line":42,"column":37}}],"line":42}},"s":{"0":83,"1":83,"2":83,"3":24,"4":33,"5":26,"6":0},"f":{"0":83,"1":24,"2":33,"3":26,"4":0},"b":{"0":[2],"1":[29],"2":[0],"3":[0]},"_coverageSchema":"1a1c01bbd47fc00a2c39e90264f33305004495a9","hash":"38c60453b247ae8faece7306047a6680112a6f67"}
,"/home/solnguyen93/Springboard/EXERCISES/express-jobly/helpers/sql.js": {"path":"/home/solnguyen93/Springboard/EXERCISES/express-jobly/helpers/sql.js","statementMap":{"0":{"start":{"line":31,"column":17},"end":{"line":31,"column":42}},"1":{"start":{"line":32,"column":4},"end":{"line":32,"column":64}},"2":{"start":{"line":32,"column":27},"end":{"line":32,"column":64}},"3":{"start":{"line":35,"column":17},"end":{"line":35,"column":91}},"4":{"start":{"line":35,"column":44},"end":{"line":35,"column":90}},"5":{"start":{"line":37,"column":4},"end":{"line":40,"column":6}}},"fnMap":{"0":{"name":"sqlForPartialUpdate","decl":{"start":{"line":30,"column":9},"end":{"line":30,"column":28}},"loc":{"start":{"line":30,"column":52},"end":{"line":41,"column":1}},"line":30},"1":{"name":"(anonymous_1)","decl":{"start":{"line":35,"column":26},"end":{"line":35,"column":27}},"loc":{"start":{"line":35,"column":44},"end":{"line":35,"column":90}},"line":35}},"branchMap":{"0":{"loc":{"start":{"line":32,"column":4},"end":{"line":32,"column":64}},"type":"if","locations":[{"start":{"line":32,"column":4},"end":{"line":32,"column":64}},{"start":{},"end":{}}],"line":32},"1":{"loc":{"start":{"line":35,"column":48},"end":{"line":35,"column":75}},"type":"binary-expr","locations":[{"start":{"line":35,"column":48},"end":{"line":35,"column":64}},{"start":{"line":35,"column":68},"end":{"line":35,"column":75}}],"line":35}},"s":{"0":22,"1":22,"2":4,"3":18,"4":37,"5":18},"f":{"0":22,"1":37},"b":{"0":[4,18],"1":[37,22]},"_coverageSchema":"1a1c01bbd47fc00a2c39e90264f33305004495a9","hash":"e5c454550414c3d1f0081a795db85bd9d3962e61"}
,"/home/solnguyen93/Springboard/EXERCISES/express-jobly/helpers/tokens.js": {"path":"/home/solnguyen93/Springboard/EXERCISES/express-jobly/helpers/tokens.js","statementMap":{"0":{"start":{"line":13,"column":4},"end":{"line":13,"column":99}},"1":{"start":{"line":15,"column":18},"end":{"line":18,"column":5}},"2":{"start":{"line":20,"column":4},"end":{"line":20,"column":41}}},"fnMap":{"0":{"name":"createToken","decl":{"start":{"line":12,"column":9},"end":{"line":12,"column":20}},"loc":{"start":{"line":12,"column":27},"end":{"line":21,"column":1}},"line":12}},"branchMap":{"0":{"loc":{"start":{"line":17,"column":17},"end":{"line":17,"column":38}},"type":"binary-expr","locations":[{"start":{"line":17,"column":17},"end":{"line":17,"column":29}},{"start":{"line":17,"column":33},"end":{"line":17,"column":38}}],"line":17}},"s":{"0":15,"1":15,"2":15},"f":{"0":15},"b":{"0":[15,9]},"_coverageSchema":"1a1c01bbd47fc00a2c39e90264f33305004495a9","hash":"1a7d43f744a77bc9416b0157f20e9475a1b3fb1e"}
,"/home/solnguyen93/Springboard/EXERCISES/express-jobly/middleware/auth.js": {"path":"/home/solnguyen93/Springboard/EXERCISES/express-jobly/middleware/auth.js","statementMap":{"0":{"start":{"line":16,"column":4},"end":{"line":25,"column":5}},"1":{"start":{"line":17,"column":27},"end":{"line":17,"column":67}},"2":{"start":{"line":18,"column":8},"end":{"line":21,"column":9}},"3":{"start":{"line":19,"column":26},"end":{"line":19,"column":70}},"4":{"start":{"line":20,"column":12},"end":{"line":20,"column":60}},"5":{"start":{"line":22,"column":8},"end":{"line":22,"column":22}},"6":{"start":{"line":24,"column":8},"end":{"line":24,"column":22}},"7":{"start":{"line":34,"column":4},"end":{"line":39,"column":5}},"8":{"start":{"line":35,"column":8},"end":{"line":35,"column":60}},"9":{"start":{"line":35,"column":30},"end":{"line":35,"column":60}},"10":{"start":{"line":36,"column":8},"end":{"line":36,"column":22}},"11":{"start":{"line":38,"column":8},"end":{"line":38,"column":25}},"12":{"start":{"line":48,"column":4},"end":{"line":53,"column":5}},"13":{"start":{"line":49,"column":8},"end":{"line":49,"column":88}},"14":{"start":{"line":49,"column":58},"end":{"line":49,"column":88}},"15":{"start":{"line":50,"column":8},"end":{"line":50,"column":22}},"16":{"start":{"line":52,"column":8},"end":{"line":52,"column":25}},"17":{"start":{"line":62,"column":4},"end":{"line":69,"column":5}},"18":{"start":{"line":63,"column":8},"end":{"line":65,"column":9}},"19":{"start":{"line":64,"column":12},"end":{"line":64,"column":42}},"20":{"start":{"line":66,"column":8},"end":{"line":66,"column":22}},"21":{"start":{"line":68,"column":8},"end":{"line":68,"column":25}}},"fnMap":{"0":{"name":"authenticateJWT","decl":{"start":{"line":15,"column":16},"end":{"line":15,"column":31}},"loc":{"start":{"line":15,"column":48},"end":{"line":26,"column":1}},"line":15},"1":{"name":"ensureLoggedIn","decl":{"start":{"line":33,"column":22},"end":{"line":33,"column":36}},"loc":{"start":{"line":33,"column":53},"end":{"line":40,"column":1}},"line":33},"2":{"name":"ensureAdmin","decl":{"start":{"line":47,"column":22},"end":{"line":47,"column":33}},"loc":{"start":{"line":47,"column":50},"end":{"line":54,"column":1}},"line":47},"3":{"name":"ensureCurrentUserOrAdmin","decl":{"start":{"line":61,"column":22},"end":{"line":61,"column":46}},"loc":{"start":{"line":61,"column":63},"end":{"line":70,"column":1}},"line":61}},"branchMap":{"0":{"loc":{"start":{"line":17,"column":27},"end":{"line":17,"column":67}},"type":"binary-expr","locations":[{"start":{"line":17,"column":27},"end":{"line":17,"column":38}},{"start":{"line":17,"column":42},"end":{"line":17,"column":67}}],"line":17},"1":{"loc":{"start":{"line":18,"column":8},"end":{"line":21,"column":9}},"type":"if","locations":[{"start":{"line":18,"column":8},"end":{"line":21,"column":9}},{"start":{},"end":{}}],"line":18},"2":{"loc":{"start":{"line":35,"column":8},"end":{"line":35,"column":60}},"type":"if","locations":[{"start":{"line":35,"column":8},"end":{"line":35,"column":60}},{"start":{},"end":{}}],"line":35},"3":{"loc":{"start":{"line":49,"column":8},"end":{"line":49,"column":88}},"type":"if","locations":[{"start":{"line":49,"column":8},"end":{"line":49,"column":88}},{"start":{},"end":{}}],"line":49},"4":{"loc":{"start":{"line":49,"column":12},"end":{"line":49,"column":56}},"type":"binary-expr","locations":[{"start":{"line":49,"column":12},"end":{"line":49,"column":28}},{"start":{"line":49,"column":32},"end":{"line":49,"column":56}}],"line":49},"5":{"loc":{"start":{"line":63,"column":8},"end":{"line":65,"column":9}},"type":"if","locations":[{"start":{"line":63,"column":8},"end":{"line":65,"column":9}},{"start":{},"end":{}}],"line":63},"6":{"loc":{"start":{"line":63,"column":12},"end":{"line":63,"column":110}},"type":"binary-expr","locations":[{"start":{"line":63,"column":12},"end":{"line":63,"column":28}},{"start":{"line":63,"column":32},"end":{"line":63,"column":110}}],"line":63},"7":{"loc":{"start":{"line":63,"column":34},"end":{"line":63,"column":109}},"type":"binary-expr","locations":[{"start":{"line":63,"column":34},"end":{"line":63,"column":57}},{"start":{"line":63,"column":61},"end":{"line":63,"column":109}}],"line":63}},"s":{"0":96,"1":96,"2":96,"3":59,"4":59,"5":95,"6":1,"7":2,"8":2,"9":1,"10":1,"11":1,"12":43,"13":43,"14":18,"15":25,"16":18,"17":29,"18":29,"19":10,"20":19,"21":10},"f":{"0":96,"1":2,"2":43,"3":29},"b":{"0":[96,95],"1":[59,37],"2":[1,1],"3":[18,25],"4":[43,36],"5":[10,19],"6":[29,24],"7":[24,10]},"_coverageSchema":"1a1c01bbd47fc00a2c39e90264f33305004495a9","hash":"741fee671e414bf804ebf5d1219ab0ea17d279c4"}
,"/home/solnguyen93/Springboard/EXERCISES/express-jobly/models/_testCommon.js": {"path":"/home/solnguyen93/Springboard/EXERCISES/express-jobly/models/_testCommon.js","statementMap":{"0":{"start":{"line":7,"column":4},"end":{"line":7,"column":44}},"1":{"start":{"line":9,"column":4},"end":{"line":9,"column":40}},"2":{"start":{"line":11,"column":4},"end":{"line":11,"column":39}},"3":{"start":{"line":13,"column":4},"end":{"line":17,"column":55}},"4":{"start":{"line":19,"column":4},"end":{"line":30,"column":6}},"5":{"start":{"line":32,"column":4},"end":{"line":36,"column":45}},"6":{"start":{"line":40,"column":4},"end":{"line":40,"column":28}},"7":{"start":{"line":44,"column":4},"end":{"line":44,"column":31}},"8":{"start":{"line":48,"column":4},"end":{"line":48,"column":19}}},"fnMap":{"0":{"name":"commonBeforeAll","decl":{"start":{"line":5,"column":15},"end":{"line":5,"column":30}},"loc":{"start":{"line":5,"column":33},"end":{"line":37,"column":1}},"line":5},"1":{"name":"commonBeforeEach","decl":{"start":{"line":39,"column":15},"end":{"line":39,"column":31}},"loc":{"start":{"line":39,"column":34},"end":{"line":41,"column":1}},"line":39},"2":{"name":"commonAfterEach","decl":{"start":{"line":43,"column":15},"end":{"line":43,"column":30}},"loc":{"start":{"line":43,"column":33},"end":{"line":45,"column":1}},"line":43},"3":{"name":"commonAfterAll","decl":{"start":{"line":47,"column":15},"end":{"line":47,"column":29}},"loc":{"start":{"line":47,"column":32},"end":{"line":49,"column":1}},"line":47}},"branchMap":{},"s":{"0":3,"1":3,"2":3,"3":3,"4":3,"5":3,"6":51,"7":51,"8":3},"f":{"0":3,"1":51,"2":51,"3":3},"b":{},"_coverageSchema":"1a1c01bbd47fc00a2c39e90264f33305004495a9","hash":"4e8d0afde1cb5676557f1324cdb0db39425c2966"}
,"/home/solnguyen93/Springboard/EXERCISES/express-jobly/models/company.js": {"path":"/home/solnguyen93/Springboard/EXERCISES/express-jobly/models/company.js","statementMap":{"0":{"start":{"line":18,"column":31},"end":{"line":23,"column":9}},"1":{"start":{"line":25,"column":8},"end":{"line":25,"column":94}},"2":{"start":{"line":25,"column":36},"end":{"line":25,"column":94}},"3":{"start":{"line":27,"column":23},"end":{"line":33,"column":9}},"4":{"start":{"line":34,"column":24},"end":{"line":34,"column":38}},"5":{"start":{"line":36,"column":8},"end":{"line":36,"column":23}},"6":{"start":{"line":65,"column":8},"end":{"line":67,"column":9}},"7":{"start":{"line":66,"column":12},"end":{"line":66,"column":80}},"8":{"start":{"line":70,"column":32},"end":{"line":70,"column":34}},"9":{"start":{"line":71,"column":23},"end":{"line":71,"column":25}},"10":{"start":{"line":74,"column":8},"end":{"line":78,"column":9}},"11":{"start":{"line":76,"column":12},"end":{"line":76,"column":30}},"12":{"start":{"line":77,"column":12},"end":{"line":77,"column":92}},"13":{"start":{"line":79,"column":8},"end":{"line":83,"column":9}},"14":{"start":{"line":81,"column":12},"end":{"line":81,"column":38}},"15":{"start":{"line":82,"column":12},"end":{"line":82,"column":71}},"16":{"start":{"line":84,"column":8},"end":{"line":88,"column":9}},"17":{"start":{"line":86,"column":12},"end":{"line":86,"column":38}},"18":{"start":{"line":87,"column":12},"end":{"line":87,"column":71}},"19":{"start":{"line":91,"column":18},"end":{"line":91,"column":123}},"20":{"start":{"line":94,"column":8},"end":{"line":96,"column":9}},"21":{"start":{"line":95,"column":12},"end":{"line":95,"column":61}},"22":{"start":{"line":99,"column":8},"end":{"line":99,"column":32}},"23":{"start":{"line":102,"column":26},"end":{"line":102,"column":53}},"24":{"start":{"line":104,"column":8},"end":{"line":104,"column":30}},"25":{"start":{"line":116,"column":27},"end":{"line":125,"column":9}},"26":{"start":{"line":127,"column":24},"end":{"line":127,"column":42}},"27":{"start":{"line":129,"column":8},"end":{"line":129,"column":71}},"28":{"start":{"line":129,"column":22},"end":{"line":129,"column":71}},"29":{"start":{"line":131,"column":24},"end":{"line":137,"column":9}},"30":{"start":{"line":139,"column":8},"end":{"line":139,"column":36}},"31":{"start":{"line":141,"column":8},"end":{"line":141,"column":23}},"32":{"start":{"line":157,"column":36},"end":{"line":160,"column":10}},"33":{"start":{"line":161,"column":29},"end":{"line":161,"column":54}},"34":{"start":{"line":163,"column":25},"end":{"line":171,"column":54}},"35":{"start":{"line":172,"column":23},"end":{"line":172,"column":68}},"36":{"start":{"line":173,"column":24},"end":{"line":173,"column":38}},"37":{"start":{"line":175,"column":8},"end":{"line":175,"column":71}},"38":{"start":{"line":175,"column":22},"end":{"line":175,"column":71}},"39":{"start":{"line":177,"column":8},"end":{"line":177,"column":23}},"40":{"start":{"line":186,"column":23},"end":{"line":192,"column":9}},"41":{"start":{"line":193,"column":24},"end":{"line":193,"column":38}},"42":{"start":{"line":195,"column":8},"end":{"line":195,"column":71}},"43":{"start":{"line":195,"column":22},"end":{"line":195,"column":71}}},"fnMap":{"0":{"name":"(anonymous_0)","decl":{"start":{"line":17,"column":4},"end":{"line":17,"column":5}},"loc":{"start":{"line":17,"column":78},"end":{"line":37,"column":5}},"line":17},"1":{"name":"(anonymous_1)","decl":{"start":{"line":63,"column":4},"end":{"line":63,"column":5}},"loc":{"start":{"line":63,"column":68},"end":{"line":105,"column":5}},"line":63},"2":{"name":"(anonymous_2)","decl":{"start":{"line":115,"column":4},"end":{"line":115,"column":5}},"loc":{"start":{"line":115,"column":29},"end":{"line":142,"column":5}},"line":115},"3":{"name":"(anonymous_3)","decl":{"start":{"line":156,"column":4},"end":{"line":156,"column":5}},"loc":{"start":{"line":156,"column":38},"end":{"line":178,"column":5}},"line":156},"4":{"name":"(anonymous_4)","decl":{"start":{"line":185,"column":4},"end":{"line":185,"column":5}},"loc":{"start":{"line":185,"column":32},"end":{"line":196,"column":5}},"line":185}},"branchMap":{"0":{"loc":{"start":{"line":25,"column":8},"end":{"line":25,"column":94}},"type":"if","locations":[{"start":{"line":25,"column":8},"end":{"line":25,"column":94}},{"start":{},"end":{}}],"line":25},"1":{"loc":{"start":{"line":63,"column":25},"end":{"line":63,"column":66}},"type":"default-arg","locations":[{"start":{"line":63,"column":64},"end":{"line":63,"column":66}}],"line":63},"2":{"loc":{"start":{"line":65,"column":8},"end":{"line":67,"column":9}},"type":"if","locations":[{"start":{"line":65,"column":8},"end":{"line":67,"column":9}},{"start":{},"end":{}}],"line":65},"3":{"loc":{"start":{"line":65,"column":12},"end":{"line":65,"column":71}},"type":"binary-expr","locations":[{"start":{"line":65,"column":12},"end":{"line":65,"column":24}},{"start":{"line":65,"column":28},"end":{"line":65,"column":40}},{"start":{"line":65,"column":44},"end":{"line":65,"column":71}}],"line":65},"4":{"loc":{"start":{"line":74,"column":8},"end":{"line":78,"column":9}},"type":"if","locations":[{"start":{"line":74,"column":8},"end":{"line":78,"column":9}},{"start":{},"end":{}}],"line":74},"5":{"loc":{"start":{"line":79,"column":8},"end":{"line":83,"column":9}},"type":"if","locations":[{"start":{"line":79,"column":8},"end":{"line":83,"column":9}},{"start":{},"end":{}}],"line":79},"6":{"loc":{"start":{"line":84,"column":8},"end":{"line":88,"column":9}},"type":"if","locations":[{"start":{"line":84,"column":8},"end":{"line":88,"column":9}},{"start":{},"end":{}}],"line":84},"7":{"loc":{"start":{"line":94,"column":8},"end":{"line":96,"column":9}},"type":"if","locations":[{"start":{"line":94,"column":8},"end":{"line":96,"column":9}},{"start":{},"end":{}}],"line":94},"8":{"loc":{"start":{"line":129,"column":8},"end":{"line":129,"column":71}},"type":"if","locations":[{"start":{"line":129,"column":8},"end":{"line":129,"column":71}},{"start":{},"end":{}}],"line":129},"9":{"loc":{"start":{"line":175,"column":8},"end":{"line":175,"column":71}},"type":"if","locations":[{"start":{"line":175,"column":8},"end":{"line":175,"column":71}},{"start":{},"end":{}}],"line":175},"10":{"loc":{"start":{"line":195,"column":8},"end":{"line":195,"column":71}},"type":"if","locations":[{"start":{"line":195,"column":8},"end":{"line":195,"column":71}},{"start":{},"end":{}}],"line":195}},"s":{"0":20,"1":20,"2":1,"3":19,"4":19,"5":19,"6":12,"7":0,"8":12,"9":12,"10":12,"11":5,"12":5,"13":12,"14":4,"15":4,"16":12,"17":3,"18":3,"19":12,"20":12,"21":9,"22":12,"23":12,"24":11,"25":5,"26":5,"27":5,"28":2,"29":3,"30":3,"31":3,"32":6,"33":5,"34":5,"35":5,"36":5,"37":5,"38":2,"39":3,"40":4,"41":4,"42":4,"43":2},"f":{"0":20,"1":12,"2":5,"3":6,"4":4},"b":{"0":[1,19],"1":[1],"2":[0,12],"3":[12,4,1],"4":[5,7],"5":[4,8],"6":[3,9],"7":[9,3],"8":[2,3],"9":[2,3],"10":[2,2]},"_coverageSchema":"1a1c01bbd47fc00a2c39e90264f33305004495a9","hash":"dd40d290db21aea242e9b31bc46e5a7a50b4bca9"}
,"/home/solnguyen93/Springboard/EXERCISES/express-jobly/models/job.js": {"path":"/home/solnguyen93/Springboard/EXERCISES/express-jobly/models/job.js","statementMap":{"0":{"start":{"line":18,"column":31},"end":{"line":26,"column":9}},"1":{"start":{"line":28,"column":8},"end":{"line":28,"column":79}},"2":{"start":{"line":28,"column":36},"end":{"line":28,"column":79}},"3":{"start":{"line":30,"column":23},"end":{"line":37,"column":9}},"4":{"start":{"line":38,"column":20},"end":{"line":38,"column":34}},"5":{"start":{"line":40,"column":8},"end":{"line":40,"column":19}},"6":{"start":{"line":52,"column":23},"end":{"line":67,"column":9}},"7":{"start":{"line":69,"column":20},"end":{"line":69,"column":34}},"8":{"start":{"line":71,"column":8},"end":{"line":71,"column":59}},"9":{"start":{"line":71,"column":18},"end":{"line":71,"column":59}},"10":{"start":{"line":73,"column":8},"end":{"line":82,"column":10}},"11":{"start":{"line":98,"column":36},"end":{"line":98,"column":65}},"12":{"start":{"line":100,"column":8},"end":{"line":102,"column":9}},"13":{"start":{"line":101,"column":12},"end":{"line":101,"column":91}},"14":{"start":{"line":103,"column":25},"end":{"line":103,"column":50}},"15":{"start":{"line":105,"column":25},"end":{"line":109,"column":83}},"16":{"start":{"line":110,"column":23},"end":{"line":110,"column":64}},"17":{"start":{"line":111,"column":20},"end":{"line":111,"column":34}},"18":{"start":{"line":113,"column":8},"end":{"line":113,"column":73}},"19":{"start":{"line":113,"column":18},"end":{"line":113,"column":73}},"20":{"start":{"line":115,"column":8},"end":{"line":115,"column":19}},"21":{"start":{"line":143,"column":32},"end":{"line":143,"column":34}},"22":{"start":{"line":144,"column":23},"end":{"line":144,"column":25}},"23":{"start":{"line":147,"column":8},"end":{"line":150,"column":9}},"24":{"start":{"line":148,"column":12},"end":{"line":148,"column":31}},"25":{"start":{"line":149,"column":12},"end":{"line":149,"column":93}},"26":{"start":{"line":151,"column":8},"end":{"line":154,"column":9}},"27":{"start":{"line":152,"column":12},"end":{"line":152,"column":35}},"28":{"start":{"line":153,"column":12},"end":{"line":153,"column":64}},"29":{"start":{"line":155,"column":8},"end":{"line":157,"column":9}},"30":{"start":{"line":156,"column":12},"end":{"line":156,"column":47}},"31":{"start":{"line":160,"column":18},"end":{"line":160,"column":97}},"32":{"start":{"line":163,"column":8},"end":{"line":165,"column":9}},"33":{"start":{"line":164,"column":12},"end":{"line":164,"column":61}},"34":{"start":{"line":168,"column":8},"end":{"line":168,"column":33}},"35":{"start":{"line":171,"column":21},"end":{"line":171,"column":48}},"36":{"start":{"line":173,"column":8},"end":{"line":173,"column":25}},"37":{"start":{"line":182,"column":23},"end":{"line":188,"column":9}},"38":{"start":{"line":189,"column":20},"end":{"line":189,"column":34}},"39":{"start":{"line":191,"column":8},"end":{"line":191,"column":67}},"40":{"start":{"line":191,"column":18},"end":{"line":191,"column":67}}},"fnMap":{"0":{"name":"(anonymous_0)","decl":{"start":{"line":17,"column":4},"end":{"line":17,"column":5}},"loc":{"start":{"line":17,"column":66},"end":{"line":41,"column":5}},"line":17},"1":{"name":"(anonymous_1)","decl":{"start":{"line":51,"column":4},"end":{"line":51,"column":5}},"loc":{"start":{"line":51,"column":25},"end":{"line":83,"column":5}},"line":51},"2":{"name":"(anonymous_2)","decl":{"start":{"line":97,"column":4},"end":{"line":97,"column":5}},"loc":{"start":{"line":97,"column":34},"end":{"line":116,"column":5}},"line":97},"3":{"name":"(anonymous_3)","decl":{"start":{"line":141,"column":4},"end":{"line":141,"column":5}},"loc":{"start":{"line":141,"column":63},"end":{"line":174,"column":5}},"line":141},"4":{"name":"(anonymous_4)","decl":{"start":{"line":181,"column":4},"end":{"line":181,"column":5}},"loc":{"start":{"line":181,"column":28},"end":{"line":192,"column":5}},"line":181}},"branchMap":{"0":{"loc":{"start":{"line":28,"column":8},"end":{"line":28,"column":79}},"type":"if","locations":[{"start":{"line":28,"column":8},"end":{"line":28,"column":79}},{"start":{},"end":{}}],"line":28},"1":{"loc":{"start":{"line":71,"column":8},"end":{"line":71,"column":59}},"type":"if","locations":[{"start":{"line":71,"column":8},"end":{"line":71,"column":59}},{"start":{},"end":{}}],"line":71},"2":{"loc":{"start":{"line":100,"column":8},"end":{"line":102,"column":9}},"type":"if","locations":[{"start":{"line":100,"column":8},"end":{"line":102,"column":9}},{"start":{},"end":{}}],"line":100},"3":{"loc":{"start":{"line":100,"column":12},"end":{"line":100,"column":51}},"type":"binary-expr","locations":[{"start":{"line":100,"column":12},"end":{"line":100,"column":24}},{"start":{"line":100,"column":28},"end":{"line":100,"column":51}}],"line":100},"4":{"loc":{"start":{"line":113,"column":8},"end":{"line":113,"column":73}},"type":"if","locations":[{"start":{"line":113,"column":8},"end":{"line":113,"column":73}},{"start":{},"end":{}}],"line":113},"5":{"loc":{"start":{"line":141,"column":25},"end":{"line":141,"column":61}},"type":"default-arg","locations":[{"start":{"line":141,"column":59},"end":{"line":141,"column":61}}],"line":141},"6":{"loc":{"start":{"line":147,"column":8},"end":{"line":150,"column":9}},"type":"if","locations":[{"start":{"line":147,"column":8},"end":{"line":150,"column":9}},{"start":{},"end":{}}],"line":147},"7":{"loc":{"start":{"line":151,"column":8},"end":{"line":154,"column":9}},"type":"if","locations":[{"start":{"line":151,"column":8},"end":{"line":154,"column":9}},{"start":{},"end":{}}],"line":151},"8":{"loc":{"start":{"line":155,"column":8},"end":{"line":157,"column":9}},"type":"if","locations":[{"start":{"line":155,"column":8},"end":{"line":157,"column":9}},{"start":{},"end":{}}],"line":155},"9":{"loc":{"start":{"line":163,"column":8},"end":{"line":165,"column":9}},"type":"if","locations":[{"start":{"line":163,"column":8},"end":{"line":165,"column":9}},{"start":{},"end":{}}],"line":163},"10":{"loc":{"start":{"line":191,"column":8},"end":{"line":191,"column":67}},"type":"if","locations":[{"start":{"line":191,"column":8},"end":{"line":191,"column":67}},{"start":{},"end":{}}],"line":191}},"s":{"0":16,"1":16,"2":1,"3":15,"4":15,"5":15,"6":4,"7":4,"8":4,"9":2,"10":2,"11":6,"12":5,"13":0,"14":5,"15":5,"16":5,"17":5,"18":5,"19":2,"20":3,"21":10,"22":10,"23":10,"24":4,"25":4,"26":10,"27":3,"28":3,"29":10,"30":2,"31":10,"32":10,"33":7,"34":10,"35":10,"36":9,"37":4,"38":4,"39":4,"40":2},"f":{"0":16,"1":4,"2":6,"3":10,"4":4},"b":{"0":[1,15],"1":[2,2],"2":[0,5],"3":[5,5],"4":[2,3],"5":[1],"6":[4,6],"7":[3,7],"8":[2,8],"9":[7,3],"10":[2,2]},"_coverageSchema":"1a1c01bbd47fc00a2c39e90264f33305004495a9","hash":"4105dd156e4c72b3c61961916549d2bac2903d05"}
,"/home/solnguyen93/Springboard/EXERCISES/express-jobly/models/user.js": {"path":"/home/solnguyen93/Springboard/EXERCISES/express-jobly/models/user.js","statementMap":{"0":{"start":{"line":20,"column":23},"end":{"line":30,"column":9}},"1":{"start":{"line":32,"column":21},"end":{"line":32,"column":35}},"2":{"start":{"line":34,"column":8},"end":{"line":41,"column":9}},"3":{"start":{"line":36,"column":28},"end":{"line":36,"column":73}},"4":{"start":{"line":37,"column":12},"end":{"line":40,"column":13}},"5":{"start":{"line":38,"column":16},"end":{"line":38,"column":37}},"6":{"start":{"line":39,"column":16},"end":{"line":39,"column":28}},"7":{"start":{"line":43,"column":8},"end":{"line":43,"column":65}},"8":{"start":{"line":54,"column":31},"end":{"line":59,"column":9}},"9":{"start":{"line":61,"column":8},"end":{"line":63,"column":9}},"10":{"start":{"line":62,"column":12},"end":{"line":62,"column":73}},"11":{"start":{"line":65,"column":31},"end":{"line":65,"column":78}},"12":{"start":{"line":67,"column":23},"end":{"line":78,"column":9}},"13":{"start":{"line":80,"column":21},"end":{"line":80,"column":35}},"14":{"start":{"line":82,"column":8},"end":{"line":82,"column":20}},"15":{"start":{"line":91,"column":23},"end":{"line":106,"column":9}},"16":{"start":{"line":108,"column":8},"end":{"line":108,"column":27}},"17":{"start":{"line":120,"column":24},"end":{"line":136,"column":9}},"18":{"start":{"line":138,"column":21},"end":{"line":138,"column":36}},"19":{"start":{"line":140,"column":8},"end":{"line":140,"column":67}},"20":{"start":{"line":140,"column":19},"end":{"line":140,"column":67}},"21":{"start":{"line":142,"column":8},"end":{"line":142,"column":20}},"22":{"start":{"line":163,"column":8},"end":{"line":165,"column":9}},"23":{"start":{"line":164,"column":12},"end":{"line":164,"column":81}},"24":{"start":{"line":167,"column":36},"end":{"line":171,"column":10}},"25":{"start":{"line":172,"column":31},"end":{"line":172,"column":56}},"26":{"start":{"line":174,"column":25},"end":{"line":181,"column":54}},"27":{"start":{"line":182,"column":23},"end":{"line":182,"column":70}},"28":{"start":{"line":183,"column":21},"end":{"line":183,"column":35}},"29":{"start":{"line":185,"column":8},"end":{"line":185,"column":67}},"30":{"start":{"line":185,"column":19},"end":{"line":185,"column":67}},"31":{"start":{"line":187,"column":8},"end":{"line":187,"column":29}},"32":{"start":{"line":188,"column":8},"end":{"line":188,"column":20}},"33":{"start":{"line":194,"column":21},"end":{"line":200,"column":9}},"34":{"start":{"line":201,"column":21},"end":{"line":201,"column":35}},"35":{"start":{"line":203,"column":8},"end":{"line":203,"column":67}},"36":{"start":{"line":203,"column":19},"end":{"line":203,"column":67}},"37":{"start":{"line":213,"column":24},"end":{"line":218,"column":9}},"38":{"start":{"line":219,"column":21},"end":{"line":219,"column":36}},"39":{"start":{"line":220,"column":8},"end":{"line":220,"column":74}},"40":{"start":{"line":220,"column":19},"end":{"line":220,"column":74}},"41":{"start":{"line":223,"column":23},"end":{"line":228,"column":9}},"42":{"start":{"line":229,"column":20},"end":{"line":229,"column":34}},"43":{"start":{"line":230,"column":8},"end":{"line":230,"column":69}},"44":{"start":{"line":230,"column":18},"end":{"line":230,"column":69}},"45":{"start":{"line":233,"column":31},"end":{"line":238,"column":9}},"46":{"start":{"line":239,"column":36},"end":{"line":239,"column":58}},"47":{"start":{"line":240,"column":8},"end":{"line":242,"column":9}},"48":{"start":{"line":241,"column":12},"end":{"line":241,"column":95}},"49":{"start":{"line":245,"column":8},"end":{"line":249,"column":10}}},"fnMap":{"0":{"name":"(anonymous_0)","decl":{"start":{"line":18,"column":4},"end":{"line":18,"column":5}},"loc":{"start":{"line":18,"column":50},"end":{"line":44,"column":5}},"line":18},"1":{"name":"(anonymous_1)","decl":{"start":{"line":53,"column":4},"end":{"line":53,"column":5}},"loc":{"start":{"line":53,"column":87},"end":{"line":83,"column":5}},"line":53},"2":{"name":"(anonymous_2)","decl":{"start":{"line":90,"column":4},"end":{"line":90,"column":5}},"loc":{"start":{"line":90,"column":27},"end":{"line":109,"column":5}},"line":90},"3":{"name":"(anonymous_3)","decl":{"start":{"line":119,"column":4},"end":{"line":119,"column":5}},"loc":{"start":{"line":119,"column":31},"end":{"line":143,"column":5}},"line":119},"4":{"name":"(anonymous_4)","decl":{"start":{"line":162,"column":4},"end":{"line":162,"column":5}},"loc":{"start":{"line":162,"column":40},"end":{"line":189,"column":5}},"line":162},"5":{"name":"(anonymous_5)","decl":{"start":{"line":193,"column":4},"end":{"line":193,"column":5}},"loc":{"start":{"line":193,"column":34},"end":{"line":204,"column":5}},"line":193},"6":{"name":"(anonymous_6)","decl":{"start":{"line":211,"column":4},"end":{"line":211,"column":5}},"loc":{"start":{"line":211,"column":46},"end":{"line":250,"column":5}},"line":211}},"branchMap":{"0":{"loc":{"start":{"line":34,"column":8},"end":{"line":41,"column":9}},"type":"if","locations":[{"start":{"line":34,"column":8},"end":{"line":41,"column":9}},{"start":{},"end":{}}],"line":34},"1":{"loc":{"start":{"line":37,"column":12},"end":{"line":40,"column":13}},"type":"if","locations":[{"start":{"line":37,"column":12},"end":{"line":40,"column":13}},{"start":{},"end":{}}],"line":37},"2":{"loc":{"start":{"line":61,"column":8},"end":{"line":63,"column":9}},"type":"if","locations":[{"start":{"line":61,"column":8},"end":{"line":63,"column":9}},{"start":{},"end":{}}],"line":61},"3":{"loc":{"start":{"line":140,"column":8},"end":{"line":140,"column":67}},"type":"if","locations":[{"start":{"line":140,"column":8},"end":{"line":140,"column":67}},{"start":{},"end":{}}],"line":140},"4":{"loc":{"start":{"line":163,"column":8},"end":{"line":165,"column":9}},"type":"if","locations":[{"start":{"line":163,"column":8},"end":{"line":165,"column":9}},{"start":{},"end":{}}],"line":163},"5":{"loc":{"start":{"line":185,"column":8},"end":{"line":185,"column":67}},"type":"if","locations":[{"start":{"line":185,"column":8},"end":{"line":185,"column":67}},{"start":{},"end":{}}],"line":185},"6":{"loc":{"start":{"line":203,"column":8},"end":{"line":203,"column":67}},"type":"if","locations":[{"start":{"line":203,"column":8},"end":{"line":203,"column":67}},{"start":{},"end":{}}],"line":203},"7":{"loc":{"start":{"line":220,"column":8},"end":{"line":220,"column":74}},"type":"if","locations":[{"start":{"line":220,"column":8},"end":{"line":220,"column":74}},{"start":{},"end":{}}],"line":220},"8":{"loc":{"start":{"line":230,"column":8},"end":{"line":230,"column":69}},"type":"if","locations":[{"start":{"line":230,"column":8},"end":{"line":230,"column":69}},{"start":{},"end":{}}],"line":230},"9":{"loc":{"start":{"line":240,"column":8},"end":{"line":242,"column":9}},"type":"if","locations":[{"start":{"line":240,"column":8},"end":{"line":242,"column":9}},{"start":{},"end":{}}],"line":240}},"s":{"0":7,"1":7,"2":7,"3":4,"4":4,"5":3,"6":3,"7":4,"8":19,"9":19,"10":1,"11":18,"12":18,"13":18,"14":18,"15":3,"16":2,"17":6,"18":6,"19":6,"20":2,"21":4,"22":8,"23":2,"24":8,"25":7,"26":7,"27":7,"28":7,"29":7,"30":2,"31":5,"32":5,"33":5,"34":5,"35":5,"36":2,"37":12,"38":12,"39":12,"40":2,"41":10,"42":10,"43":10,"44":2,"45":8,"46":8,"47":8,"48":2,"49":6},"f":{"0":7,"1":19,"2":3,"3":6,"4":8,"5":5,"6":12},"b":{"0":[4,3],"1":[3,1],"2":[1,18],"3":[2,4],"4":[2,6],"5":[2,5],"6":[2,3],"7":[2,10],"8":[2,8],"9":[2,6]},"_coverageSchema":"1a1c01bbd47fc00a2c39e90264f33305004495a9","hash":"dbc7875abd9b90821249a6ea67997ec3d537f892"}
,"/home/solnguyen93/Springboard/EXERCISES/express-jobly/routes/_testCommon.js": {"path":"/home/solnguyen93/Springboard/EXERCISES/express-jobly/routes/_testCommon.js","statementMap":{"0":{"start":{"line":7,"column":19},"end":{"line":7,"column":21}},"1":{"start":{"line":11,"column":4},"end":{"line":11,"column":40}},"2":{"start":{"line":13,"column":4},"end":{"line":13,"column":44}},"3":{"start":{"line":15,"column":4},"end":{"line":15,"column":39}},"4":{"start":{"line":17,"column":4},"end":{"line":23,"column":7}},"5":{"start":{"line":24,"column":4},"end":{"line":30,"column":7}},"6":{"start":{"line":31,"column":4},"end":{"line":37,"column":7}},"7":{"start":{"line":38,"column":4},"end":{"line":44,"column":7}},"8":{"start":{"line":46,"column":17},"end":{"line":46,"column":106}},"9":{"start":{"line":47,"column":4},"end":{"line":47,"column":29}},"10":{"start":{"line":49,"column":17},"end":{"line":49,"column":103}},"11":{"start":{"line":50,"column":4},"end":{"line":50,"column":29}},"12":{"start":{"line":52,"column":17},"end":{"line":52,"column":105}},"13":{"start":{"line":53,"column":4},"end":{"line":53,"column":29}},"14":{"start":{"line":55,"column":4},"end":{"line":62,"column":7}},"15":{"start":{"line":63,"column":4},"end":{"line":70,"column":7}},"16":{"start":{"line":71,"column":4},"end":{"line":78,"column":7}},"17":{"start":{"line":82,"column":4},"end":{"line":82,"column":28}},"18":{"start":{"line":86,"column":4},"end":{"line":86,"column":31}},"19":{"start":{"line":90,"column":4},"end":{"line":90,"column":19}},"20":{"start":{"line":93,"column":16},"end":{"line":93,"column":63}},"21":{"start":{"line":95,"column":19},"end":{"line":95,"column":65}}},"fnMap":{"0":{"name":"commonBeforeAll","decl":{"start":{"line":9,"column":15},"end":{"line":9,"column":30}},"loc":{"start":{"line":9,"column":33},"end":{"line":79,"column":1}},"line":9},"1":{"name":"commonBeforeEach","decl":{"start":{"line":81,"column":15},"end":{"line":81,"column":31}},"loc":{"start":{"line":81,"column":34},"end":{"line":83,"column":1}},"line":81},"2":{"name":"commonAfterEach","decl":{"start":{"line":85,"column":15},"end":{"line":85,"column":30}},"loc":{"start":{"line":85,"column":33},"end":{"line":87,"column":1}},"line":85},"3":{"name":"commonAfterAll","decl":{"start":{"line":89,"column":15},"end":{"line":89,"column":29}},"loc":{"start":{"line":89,"column":32},"end":{"line":91,"column":1}},"line":89}},"branchMap":{},"s":{"0":4,"1":4,"2":4,"3":4,"4":4,"5":4,"6":4,"7":4,"8":4,"9":4,"10":4,"11":4,"12":4,"13":4,"14":4,"15":4,"16":4,"17":90,"18":90,"19":4,"20":4,"21":4},"f":{"0":4,"1":90,"2":90,"3":4},"b":{},"_coverageSchema":"1a1c01bbd47fc00a2c39e90264f33305004495a9","hash":"a6f8ccc4c71c2bf045a1a09513d768b341223b10"}
,"/home/solnguyen93/Springboard/EXERCISES/express-jobly/routes/auth.js": {"path":"/home/solnguyen93/Springboard/EXERCISES/express-jobly/routes/auth.js","statementMap":{"0":{"start":{"line":11,"column":15},"end":{"line":11,"column":31}},"1":{"start":{"line":20,"column":0},"end":{"line":35,"column":3}},"2":{"start":{"line":21,"column":4},"end":{"line":34,"column":5}},"3":{"start":{"line":22,"column":26},"end":{"line":22,"column":71}},"4":{"start":{"line":23,"column":8},"end":{"line":26,"column":9}},"5":{"start":{"line":24,"column":25},"end":{"line":24,"column":61}},"6":{"start":{"line":24,"column":53},"end":{"line":24,"column":60}},"7":{"start":{"line":25,"column":12},"end":{"line":25,"column":44}},"8":{"start":{"line":28,"column":39},"end":{"line":28,"column":47}},"9":{"start":{"line":29,"column":21},"end":{"line":29,"column":64}},"10":{"start":{"line":30,"column":22},"end":{"line":30,"column":39}},"11":{"start":{"line":31,"column":8},"end":{"line":31,"column":35}},"12":{"start":{"line":33,"column":8},"end":{"line":33,"column":25}},"13":{"start":{"line":46,"column":0},"end":{"line":60,"column":3}},"14":{"start":{"line":47,"column":4},"end":{"line":59,"column":5}},"15":{"start":{"line":48,"column":26},"end":{"line":48,"column":75}},"16":{"start":{"line":49,"column":8},"end":{"line":52,"column":9}},"17":{"start":{"line":50,"column":25},"end":{"line":50,"column":61}},"18":{"start":{"line":50,"column":53},"end":{"line":50,"column":60}},"19":{"start":{"line":51,"column":12},"end":{"line":51,"column":44}},"20":{"start":{"line":54,"column":24},"end":{"line":54,"column":76}},"21":{"start":{"line":55,"column":22},"end":{"line":55,"column":42}},"22":{"start":{"line":56,"column":8},"end":{"line":56,"column":47}},"23":{"start":{"line":58,"column":8},"end":{"line":58,"column":25}}},"fnMap":{"0":{"name":"(anonymous_0)","decl":{"start":{"line":20,"column":22},"end":{"line":20,"column":23}},"loc":{"start":{"line":20,"column":48},"end":{"line":35,"column":1}},"line":20},"1":{"name":"(anonymous_1)","decl":{"start":{"line":24,"column":46},"end":{"line":24,"column":47}},"loc":{"start":{"line":24,"column":53},"end":{"line":24,"column":60}},"line":24},"2":{"name":"(anonymous_2)","decl":{"start":{"line":46,"column":25},"end":{"line":46,"column":26}},"loc":{"start":{"line":46,"column":51},"end":{"line":60,"column":1}},"line":46},"3":{"name":"(anonymous_3)","decl":{"start":{"line":50,"column":46},"end":{"line":50,"column":47}},"loc":{"start":{"line":50,"column":53},"end":{"line":50,"column":60}},"line":50}},"branchMap":{"0":{"loc":{"start":{"line":23,"column":8},"end":{"line":26,"column":9}},"type":"if","locations":[{"start":{"line":23,"column":8},"end":{"line":26,"column":9}},{"start":{},"end":{}}],"line":23},"1":{"loc":{"start":{"line":49,"column":8},"end":{"line":52,"column":9}},"type":"if","locations":[{"start":{"line":49,"column":8},"end":{"line":52,"column":9}},{"start":{},"end":{}}],"line":49}},"s":{"0":5,"1":5,"2":5,"3":5,"4":5,"5":2,"6":2,"7":2,"8":3,"9":3,"10":1,"11":1,"12":4,"13":5,"14":3,"15":3,"16":3,"17":2,"18":5,"19":2,"20":1,"21":1,"22":1,"23":2},"f":{"0":5,"1":2,"2":3,"3":5},"b":{"0":[2,3],"1":[2,1]},"_coverageSchema":"1a1c01bbd47fc00a2c39e90264f33305004495a9","hash":"c00a189d20ebeadeeccd7f77b3c247fe2b801e8c"}
,"/home/solnguyen93/Springboard/EXERCISES/express-jobly/routes/companies.js": {"path":"/home/solnguyen93/Springboard/EXERCISES/express-jobly/routes/companies.js","statementMap":{"0":{"start":{"line":15,"column":15},"end":{"line":15,"column":31}},"1":{"start":{"line":26,"column":0},"end":{"line":39,"column":3}},"2":{"start":{"line":27,"column":4},"end":{"line":38,"column":5}},"3":{"start":{"line":28,"column":26},"end":{"line":28,"column":73}},"4":{"start":{"line":29,"column":8},"end":{"line":32,"column":9}},"5":{"start":{"line":30,"column":25},"end":{"line":30,"column":61}},"6":{"start":{"line":30,"column":53},"end":{"line":30,"column":60}},"7":{"start":{"line":31,"column":12},"end":{"line":31,"column":44}},"8":{"start":{"line":34,"column":24},"end":{"line":34,"column":54}},"9":{"start":{"line":35,"column":8},"end":{"line":35,"column":49}},"10":{"start":{"line":37,"column":8},"end":{"line":37,"column":25}},"11":{"start":{"line":54,"column":0},"end":{"line":74,"column":3}},"12":{"start":{"line":55,"column":2},"end":{"line":73,"column":3}},"13":{"start":{"line":56,"column":31},"end":{"line":56,"column":71}},"14":{"start":{"line":59,"column":33},"end":{"line":59,"column":106}},"15":{"start":{"line":59,"column":72},"end":{"line":59,"column":105}},"16":{"start":{"line":60,"column":6},"end":{"line":62,"column":7}},"17":{"start":{"line":61,"column":8},"end":{"line":61,"column":93}},"18":{"start":{"line":64,"column":27},"end":{"line":64,"column":114}},"19":{"start":{"line":66,"column":27},"end":{"line":66,"column":114}},"20":{"start":{"line":68,"column":23},"end":{"line":68,"column":38}},"21":{"start":{"line":69,"column":24},"end":{"line":69,"column":83}},"22":{"start":{"line":70,"column":6},"end":{"line":70,"column":37}},"23":{"start":{"line":72,"column":6},"end":{"line":72,"column":23}},"24":{"start":{"line":83,"column":0},"end":{"line":90,"column":3}},"25":{"start":{"line":84,"column":4},"end":{"line":89,"column":5}},"26":{"start":{"line":85,"column":24},"end":{"line":85,"column":60}},"27":{"start":{"line":86,"column":8},"end":{"line":86,"column":37}},"28":{"start":{"line":88,"column":8},"end":{"line":88,"column":25}},"29":{"start":{"line":103,"column":0},"end":{"line":116,"column":3}},"30":{"start":{"line":104,"column":4},"end":{"line":115,"column":5}},"31":{"start":{"line":105,"column":26},"end":{"line":105,"column":76}},"32":{"start":{"line":106,"column":8},"end":{"line":109,"column":9}},"33":{"start":{"line":107,"column":25},"end":{"line":107,"column":61}},"34":{"start":{"line":107,"column":53},"end":{"line":107,"column":60}},"35":{"start":{"line":108,"column":12},"end":{"line":108,"column":44}},"36":{"start":{"line":111,"column":24},"end":{"line":111,"column":73}},"37":{"start":{"line":112,"column":8},"end":{"line":112,"column":37}},"38":{"start":{"line":114,"column":8},"end":{"line":114,"column":25}},"39":{"start":{"line":123,"column":0},"end":{"line":130,"column":3}},"40":{"start":{"line":124,"column":4},"end":{"line":129,"column":5}},"41":{"start":{"line":125,"column":8},"end":{"line":125,"column":48}},"42":{"start":{"line":126,"column":8},"end":{"line":126,"column":56}},"43":{"start":{"line":128,"column":8},"end":{"line":128,"column":25}}},"fnMap":{"0":{"name":"(anonymous_0)","decl":{"start":{"line":26,"column":30},"end":{"line":26,"column":31}},"loc":{"start":{"line":26,"column":62},"end":{"line":39,"column":1}},"line":26},"1":{"name":"(anonymous_1)","decl":{"start":{"line":30,"column":46},"end":{"line":30,"column":47}},"loc":{"start":{"line":30,"column":53},"end":{"line":30,"column":60}},"line":30},"2":{"name":"(anonymous_2)","decl":{"start":{"line":54,"column":16},"end":{"line":54,"column":17}},"loc":{"start":{"line":54,"column":48},"end":{"line":74,"column":1}},"line":54},"3":{"name":"(anonymous_3)","decl":{"start":{"line":59,"column":63},"end":{"line":59,"column":64}},"loc":{"start":{"line":59,"column":72},"end":{"line":59,"column":105}},"line":59},"4":{"name":"(anonymous_4)","decl":{"start":{"line":83,"column":23},"end":{"line":83,"column":24}},"loc":{"start":{"line":83,"column":55},"end":{"line":90,"column":1}},"line":83},"5":{"name":"(anonymous_5)","decl":{"start":{"line":103,"column":38},"end":{"line":103,"column":39}},"loc":{"start":{"line":103,"column":70},"end":{"line":116,"column":1}},"line":103},"6":{"name":"(anonymous_6)","decl":{"start":{"line":107,"column":46},"end":{"line":107,"column":47}},"loc":{"start":{"line":107,"column":53},"end":{"line":107,"column":60}},"line":107},"7":{"name":"(anonymous_7)","decl":{"start":{"line":123,"column":39},"end":{"line":123,"column":40}},"loc":{"start":{"line":123,"column":71},"end":{"line":130,"column":1}},"line":123}},"branchMap":{"0":{"loc":{"start":{"line":29,"column":8},"end":{"line":32,"column":9}},"type":"if","locations":[{"start":{"line":29,"column":8},"end":{"line":32,"column":9}},{"start":{},"end":{}}],"line":29},"1":{"loc":{"start":{"line":60,"column":6},"end":{"line":62,"column":7}},"type":"if","locations":[{"start":{"line":60,"column":6},"end":{"line":62,"column":7}},{"start":{},"end":{}}],"line":60},"2":{"loc":{"start":{"line":64,"column":27},"end":{"line":64,"column":114}},"type":"cond-expr","locations":[{"start":{"line":64,"column":70},"end":{"line":64,"column":102}},{"start":{"line":64,"column":105},"end":{"line":64,"column":114}}],"line":64},"3":{"loc":{"start":{"line":66,"column":27},"end":{"line":66,"column":114}},"type":"cond-expr","locations":[{"start":{"line":66,"column":70},"end":{"line":66,"column":102}},{"start":{"line":66,"column":105},"end":{"line":66,"column":114}}],"line":66},"4":{"loc":{"start":{"line":68,"column":23},"end":{"line":68,"column":38}},"type":"binary-expr","locations":[{"start":{"line":68,"column":23},"end":{"line":68,"column":32}},{"start":{"line":68,"column":36},"end":{"line":68,"column":38}}],"line":68},"5":{"loc":{"start":{"line":106,"column":8},"end":{"line":109,"column":9}},"type":"if","locations":[{"start":{"line":106,"column":8},"end":{"line":109,"column":9}},{"start":{},"end":{}}],"line":106}},"s":{"0":5,"1":5,"2":3,"3":3,"4":3,"5":2,"6":3,"7":2,"8":1,"9":1,"10":2,"11":5,"12":7,"13":7,"14":7,"15":7,"16":7,"17":1,"18":6,"19":6,"20":6,"21":6,"22":5,"23":2,"24":5,"25":3,"26":3,"27":2,"28":1,"29":5,"30":4,"31":4,"32":4,"33":2,"34":2,"35":2,"36":2,"37":1,"38":3,"39":5,"40":2,"41":2,"42":1,"43":1},"f":{"0":3,"1":3,"2":7,"3":7,"4":3,"5":4,"6":2,"7":2},"b":{"0":[2,1],"1":[1,6],"2":[2,4],"3":[2,4],"4":[6,0],"5":[2,2]},"_coverageSchema":"1a1c01bbd47fc00a2c39e90264f33305004495a9","hash":"4a2ac71bc9bc9fcfbd787c8596a3dc1a571535af"}
,"/home/solnguyen93/Springboard/EXERCISES/express-jobly/routes/jobs.js": {"path":"/home/solnguyen93/Springboard/EXERCISES/express-jobly/routes/jobs.js","statementMap":{"0":{"start":{"line":13,"column":15},"end":{"line":13,"column":31}},"1":{"start":{"line":24,"column":0},"end":{"line":37,"column":3}},"2":{"start":{"line":25,"column":4},"end":{"line":36,"column":5}},"3":{"start":{"line":26,"column":26},"end":{"line":26,"column":69}},"4":{"start":{"line":27,"column":8},"end":{"line":30,"column":9}},"5":{"start":{"line":28,"column":25},"end":{"line":28,"column":61}},"6":{"start":{"line":28,"column":53},"end":{"line":28,"column":60}},"7":{"start":{"line":29,"column":12},"end":{"line":29,"column":44}},"8":{"start":{"line":32,"column":20},"end":{"line":32,"column":46}},"9":{"start":{"line":33,"column":8},"end":{"line":33,"column":45}},"10":{"start":{"line":35,"column":8},"end":{"line":35,"column":25}},"11":{"start":{"line":50,"column":0},"end":{"line":72,"column":3}},"12":{"start":{"line":51,"column":2},"end":{"line":71,"column":3}},"13":{"start":{"line":52,"column":29},"end":{"line":52,"column":64}},"14":{"start":{"line":55,"column":31},"end":{"line":55,"column":104}},"15":{"start":{"line":55,"column":70},"end":{"line":55,"column":103}},"16":{"start":{"line":56,"column":4},"end":{"line":58,"column":5}},"17":{"start":{"line":57,"column":6},"end":{"line":57,"column":91}},"18":{"start":{"line":61,"column":22},"end":{"line":61,"column":103}},"19":{"start":{"line":64,"column":22},"end":{"line":64,"column":46}},"20":{"start":{"line":66,"column":22},"end":{"line":66,"column":37}},"21":{"start":{"line":67,"column":17},"end":{"line":67,"column":67}},"22":{"start":{"line":68,"column":4},"end":{"line":68,"column":30}},"23":{"start":{"line":70,"column":4},"end":{"line":70,"column":21}},"24":{"start":{"line":74,"column":0},"end":{"line":90,"column":5}},"25":{"start":{"line":75,"column":14},"end":{"line":75,"column":23}},"26":{"start":{"line":77,"column":4},"end":{"line":77,"column":62}},"27":{"start":{"line":77,"column":35},"end":{"line":77,"column":62}},"28":{"start":{"line":78,"column":4},"end":{"line":78,"column":41}},"29":{"start":{"line":80,"column":4},"end":{"line":89,"column":5}},"30":{"start":{"line":82,"column":8},"end":{"line":82,"column":31}},"31":{"start":{"line":83,"column":8},"end":{"line":83,"column":65}},"32":{"start":{"line":85,"column":19},"end":{"line":85,"column":39}},"33":{"start":{"line":86,"column":6},"end":{"line":86,"column":32}},"34":{"start":{"line":88,"column":6},"end":{"line":88,"column":23}},"35":{"start":{"line":100,"column":0},"end":{"line":107,"column":3}},"36":{"start":{"line":101,"column":4},"end":{"line":106,"column":5}},"37":{"start":{"line":102,"column":20},"end":{"line":102,"column":48}},"38":{"start":{"line":103,"column":8},"end":{"line":103,"column":33}},"39":{"start":{"line":105,"column":8},"end":{"line":105,"column":25}},"40":{"start":{"line":120,"column":0},"end":{"line":133,"column":3}},"41":{"start":{"line":121,"column":4},"end":{"line":132,"column":5}},"42":{"start":{"line":122,"column":26},"end":{"line":122,"column":72}},"43":{"start":{"line":123,"column":8},"end":{"line":126,"column":9}},"44":{"start":{"line":124,"column":25},"end":{"line":124,"column":61}},"45":{"start":{"line":124,"column":53},"end":{"line":124,"column":60}},"46":{"start":{"line":125,"column":12},"end":{"line":125,"column":44}},"47":{"start":{"line":128,"column":20},"end":{"line":128,"column":61}},"48":{"start":{"line":129,"column":8},"end":{"line":129,"column":33}},"49":{"start":{"line":131,"column":8},"end":{"line":131,"column":25}},"50":{"start":{"line":140,"column":0},"end":{"line":147,"column":3}},"51":{"start":{"line":141,"column":4},"end":{"line":146,"column":5}},"52":{"start":{"line":142,"column":8},"end":{"line":142,"column":40}},"53":{"start":{"line":143,"column":8},"end":{"line":143,"column":52}},"54":{"start":{"line":145,"column":8},"end":{"line":145,"column":25}}},"fnMap":{"0":{"name":"(anonymous_0)","decl":{"start":{"line":24,"column":30},"end":{"line":24,"column":31}},"loc":{"start":{"line":24,"column":62},"end":{"line":37,"column":1}},"line":24},"1":{"name":"(anonymous_1)","decl":{"start":{"line":28,"column":46},"end":{"line":28,"column":47}},"loc":{"start":{"line":28,"column":53},"end":{"line":28,"column":60}},"line":28},"2":{"name":"(anonymous_2)","decl":{"start":{"line":50,"column":16},"end":{"line":50,"column":17}},"loc":{"start":{"line":50,"column":48},"end":{"line":72,"column":1}},"line":50},"3":{"name":"(anonymous_3)","decl":{"start":{"line":55,"column":61},"end":{"line":55,"column":62}},"loc":{"start":{"line":55,"column":70},"end":{"line":55,"column":103}},"line":55},"4":{"name":"(anonymous_4)","decl":{"start":{"line":74,"column":16},"end":{"line":74,"column":17}},"loc":{"start":{"line":74,"column":48},"end":{"line":90,"column":3}},"line":74},"5":{"name":"(anonymous_5)","decl":{"start":{"line":100,"column":19},"end":{"line":100,"column":20}},"loc":{"start":{"line":100,"column":51},"end":{"line":107,"column":1}},"line":100},"6":{"name":"(anonymous_6)","decl":{"start":{"line":120,"column":34},"end":{"line":120,"column":35}},"loc":{"start":{"line":120,"column":66},"end":{"line":133,"column":1}},"line":120},"7":{"name":"(anonymous_7)","decl":{"start":{"line":124,"column":46},"end":{"line":124,"column":47}},"loc":{"start":{"line":124,"column":53},"end":{"line":124,"column":60}},"line":124},"8":{"name":"(anonymous_8)","decl":{"start":{"line":140,"column":35},"end":{"line":140,"column":36}},"loc":{"start":{"line":140,"column":67},"end":{"line":147,"column":1}},"line":140}},"branchMap":{"0":{"loc":{"start":{"line":27,"column":8},"end":{"line":30,"column":9}},"type":"if","locations":[{"start":{"line":27,"column":8},"end":{"line":30,"column":9}},{"start":{},"end":{}}],"line":27},"1":{"loc":{"start":{"line":56,"column":4},"end":{"line":58,"column":5}},"type":"if","locations":[{"start":{"line":56,"column":4},"end":{"line":58,"column":5}},{"start":{},"end":{}}],"line":56},"2":{"loc":{"start":{"line":61,"column":22},"end":{"line":61,"column":103}},"type":"cond-expr","locations":[{"start":{"line":61,"column":62},"end":{"line":61,"column":91}},{"start":{"line":61,"column":94},"end":{"line":61,"column":103}}],"line":61},"3":{"loc":{"start":{"line":66,"column":22},"end":{"line":66,"column":37}},"type":"binary-expr","locations":[{"start":{"line":66,"column":22},"end":{"line":66,"column":31}},{"start":{"line":66,"column":35},"end":{"line":66,"column":37}}],"line":66},"4":{"loc":{"start":{"line":77,"column":4},"end":{"line":77,"column":62}},"type":"if","locations":[{"start":{"line":77,"column":4},"end":{"line":77,"column":62}},{"start":{},"end":{}}],"line":77},"5":{"loc":{"start":{"line":123,"column":8},"end":{"line":126,"column":9}},"type":"if","locations":[{"start":{"line":123,"column":8},"end":{"line":126,"column":9}},{"start":{},"end":{}}],"line":123}},"s":{"0":5,"1":5,"2":3,"3":3,"4":3,"5":2,"6":5,"7":2,"8":1,"9":1,"10":2,"11":5,"12":6,"13":6,"14":6,"15":6,"16":6,"17":1,"18":5,"19":5,"20":5,"21":5,"22":4,"23":2,"24":5,"25":0,"26":0,"27":0,"28":0,"29":0,"30":0,"31":0,"32":0,"33":0,"34":0,"35":5,"36":2,"37":2,"38":1,"39":1,"40":5,"41":4,"42":4,"43":4,"44":2,"45":2,"46":2,"47":2,"48":1,"49":3,"50":5,"51":2,"52":2,"53":1,"54":1},"f":{"0":3,"1":5,"2":6,"3":6,"4":0,"5":2,"6":4,"7":2,"8":2},"b":{"0":[2,1],"1":[1,5],"2":[2,3],"3":[5,0],"4":[0,0],"5":[2,2]},"_coverageSchema":"1a1c01bbd47fc00a2c39e90264f33305004495a9","hash":"6e001af88a7adbad954706a5918c4f13b8c2e48a"}
,"/home/solnguyen93/Springboard/EXERCISES/express-jobly/routes/users.js": {"path":"/home/solnguyen93/Springboard/EXERCISES/express-jobly/routes/users.js","statementMap":{"0":{"start":{"line":12,"column":15},"end":{"line":12,"column":31}},"1":{"start":{"line":26,"column":0},"end":{"line":40,"column":3}},"2":{"start":{"line":27,"column":4},"end":{"line":39,"column":5}},"3":{"start":{"line":28,"column":26},"end":{"line":28,"column":70}},"4":{"start":{"line":29,"column":8},"end":{"line":32,"column":9}},"5":{"start":{"line":30,"column":25},"end":{"line":30,"column":61}},"6":{"start":{"line":30,"column":53},"end":{"line":30,"column":60}},"7":{"start":{"line":31,"column":12},"end":{"line":31,"column":44}},"8":{"start":{"line":34,"column":21},"end":{"line":34,"column":50}},"9":{"start":{"line":35,"column":22},"end":{"line":35,"column":39}},"10":{"start":{"line":36,"column":8},"end":{"line":36,"column":53}},"11":{"start":{"line":38,"column":8},"end":{"line":38,"column":25}},"12":{"start":{"line":49,"column":0},"end":{"line":56,"column":3}},"13":{"start":{"line":50,"column":4},"end":{"line":55,"column":5}},"14":{"start":{"line":51,"column":22},"end":{"line":51,"column":42}},"15":{"start":{"line":52,"column":8},"end":{"line":52,"column":35}},"16":{"start":{"line":54,"column":8},"end":{"line":54,"column":25}},"17":{"start":{"line":65,"column":0},"end":{"line":72,"column":3}},"18":{"start":{"line":66,"column":4},"end":{"line":71,"column":5}},"19":{"start":{"line":67,"column":21},"end":{"line":67,"column":56}},"20":{"start":{"line":68,"column":8},"end":{"line":68,"column":34}},"21":{"start":{"line":70,"column":8},"end":{"line":70,"column":25}},"22":{"start":{"line":84,"column":0},"end":{"line":97,"column":3}},"23":{"start":{"line":85,"column":4},"end":{"line":96,"column":5}},"24":{"start":{"line":86,"column":26},"end":{"line":86,"column":73}},"25":{"start":{"line":87,"column":8},"end":{"line":90,"column":9}},"26":{"start":{"line":88,"column":25},"end":{"line":88,"column":61}},"27":{"start":{"line":88,"column":53},"end":{"line":88,"column":60}},"28":{"start":{"line":89,"column":12},"end":{"line":89,"column":44}},"29":{"start":{"line":92,"column":21},"end":{"line":92,"column":69}},"30":{"start":{"line":93,"column":8},"end":{"line":93,"column":34}},"31":{"start":{"line":95,"column":8},"end":{"line":95,"column":25}},"32":{"start":{"line":104,"column":0},"end":{"line":111,"column":3}},"33":{"start":{"line":105,"column":4},"end":{"line":110,"column":5}},"34":{"start":{"line":106,"column":8},"end":{"line":106,"column":47}},"35":{"start":{"line":107,"column":8},"end":{"line":107,"column":58}},"36":{"start":{"line":109,"column":8},"end":{"line":109,"column":25}},"37":{"start":{"line":114,"column":0},"end":{"line":121,"column":3}},"38":{"start":{"line":115,"column":4},"end":{"line":120,"column":5}},"39":{"start":{"line":116,"column":8},"end":{"line":116,"column":67}},"40":{"start":{"line":117,"column":8},"end":{"line":117,"column":51}},"41":{"start":{"line":119,"column":8},"end":{"line":119,"column":25}}},"fnMap":{"0":{"name":"(anonymous_0)","decl":{"start":{"line":26,"column":30},"end":{"line":26,"column":31}},"loc":{"start":{"line":26,"column":56},"end":{"line":40,"column":1}},"line":26},"1":{"name":"(anonymous_1)","decl":{"start":{"line":30,"column":46},"end":{"line":30,"column":47}},"loc":{"start":{"line":30,"column":53},"end":{"line":30,"column":60}},"line":30},"2":{"name":"(anonymous_2)","decl":{"start":{"line":49,"column":29},"end":{"line":49,"column":30}},"loc":{"start":{"line":49,"column":55},"end":{"line":56,"column":1}},"line":49},"3":{"name":"(anonymous_3)","decl":{"start":{"line":65,"column":51},"end":{"line":65,"column":52}},"loc":{"start":{"line":65,"column":77},"end":{"line":72,"column":1}},"line":65},"4":{"name":"(anonymous_4)","decl":{"start":{"line":84,"column":53},"end":{"line":84,"column":54}},"loc":{"start":{"line":84,"column":79},"end":{"line":97,"column":1}},"line":84},"5":{"name":"(anonymous_5)","decl":{"start":{"line":88,"column":46},"end":{"line":88,"column":47}},"loc":{"start":{"line":88,"column":53},"end":{"line":88,"column":60}},"line":88},"6":{"name":"(anonymous_6)","decl":{"start":{"line":104,"column":54},"end":{"line":104,"column":55}},"loc":{"start":{"line":104,"column":80},"end":{"line":111,"column":1}},"line":104},"7":{"name":"(anonymous_7)","decl":{"start":{"line":114,"column":61},"end":{"line":114,"column":62}},"loc":{"start":{"line":114,"column":87},"end":{"line":121,"column":1}},"line":114}},"branchMap":{"0":{"loc":{"start":{"line":29,"column":8},"end":{"line":32,"column":9}},"type":"if","locations":[{"start":{"line":29,"column":8},"end":{"line":32,"column":9}},{"start":{},"end":{}}],"line":29},"1":{"loc":{"start":{"line":87,"column":8},"end":{"line":90,"column":9}},"type":"if","locations":[{"start":{"line":87,"column":8},"end":{"line":90,"column":9}},{"start":{},"end":{}}],"line":87}},"s":{"0":5,"1":5,"2":4,"3":4,"4":4,"5":2,"6":5,"7":2,"8":2,"9":2,"10":2,"11":2,"12":5,"13":2,"14":2,"15":1,"16":1,"17":5,"18":3,"19":3,"20":2,"21":1,"22":5,"23":5,"24":5,"25":5,"26":1,"27":1,"28":1,"29":4,"30":3,"31":2,"32":5,"33":3,"34":3,"35":2,"36":1,"37":5,"38":6,"39":6,"40":3,"41":3},"f":{"0":4,"1":5,"2":2,"3":3,"4":5,"5":1,"6":3,"7":6},"b":{"0":[2,2],"1":[1,4]},"_coverageSchema":"1a1c01bbd47fc00a2c39e90264f33305004495a9","hash":"cd6d337ba36c9527dc942f2208cb3353ca220675"}
}
