{"/home/solnguyen93/Springboard/EXERCISES/express-jobly/expressError.js": {"path":"/home/solnguyen93/Springboard/EXERCISES/express-jobly/expressError.js","statementMap":{"0":{"start":{"line":9,"column":8},"end":{"line":9,"column":16}},"1":{"start":{"line":10,"column":8},"end":{"line":10,"column":31}},"2":{"start":{"line":11,"column":8},"end":{"line":11,"column":29}},"3":{"start":{"line":19,"column":8},"end":{"line":19,"column":28}},"4":{"start":{"line":27,"column":8},"end":{"line":27,"column":28}},"5":{"start":{"line":35,"column":8},"end":{"line":35,"column":28}},"6":{"start":{"line":43,"column":8},"end":{"line":43,"column":28}}},"fnMap":{"0":{"name":"(anonymous_0)","decl":{"start":{"line":8,"column":4},"end":{"line":8,"column":5}},"loc":{"start":{"line":8,"column":33},"end":{"line":12,"column":5}},"line":8},"1":{"name":"(anonymous_1)","decl":{"start":{"line":18,"column":4},"end":{"line":18,"column":5}},"loc":{"start":{"line":18,"column":39},"end":{"line":20,"column":5}},"line":18},"2":{"name":"(anonymous_2)","decl":{"start":{"line":26,"column":4},"end":{"line":26,"column":5}},"loc":{"start":{"line":26,"column":42},"end":{"line":28,"column":5}},"line":26},"3":{"name":"(anonymous_3)","decl":{"start":{"line":34,"column":4},"end":{"line":34,"column":5}},"loc":{"start":{"line":34,"column":41},"end":{"line":36,"column":5}},"line":34},"4":{"name":"(anonymous_4)","decl":{"start":{"line":42,"column":4},"end":{"line":42,"column":5}},"loc":{"start":{"line":42,"column":39},"end":{"line":44,"column":5}},"line":42}},"branchMap":{"0":{"loc":{"start":{"line":18,"column":16},"end":{"line":18,"column":37}},"type":"default-arg","locations":[{"start":{"line":18,"column":26},"end":{"line":18,"column":37}}],"line":18},"1":{"loc":{"start":{"line":26,"column":16},"end":{"line":26,"column":40}},"type":"default-arg","locations":[{"start":{"line":26,"column":26},"end":{"line":26,"column":40}}],"line":26},"2":{"loc":{"start":{"line":34,"column":16},"end":{"line":34,"column":39}},"type":"default-arg","locations":[{"start":{"line":34,"column":26},"end":{"line":34,"column":39}}],"line":34},"3":{"loc":{"start":{"line":42,"column":16},"end":{"line":42,"column":37}},"type":"default-arg","locations":[{"start":{"line":42,"column":26},"end":{"line":42,"column":37}}],"line":42}},"s":{"0":1,"1":1,"2":1,"3":0,"4":0,"5":1,"6":0},"f":{"0":1,"1":0,"2":0,"3":1,"4":0},"b":{"0":[0],"1":[0],"2":[0],"3":[0]},"_coverageSchema":"1a1c01bbd47fc00a2c39e90264f33305004495a9","hash":"38c60453b247ae8faece7306047a6680112a6f67"}
,"/home/solnguyen93/Springboard/EXERCISES/express-jobly/helpers/sql.js": {"path":"/home/solnguyen93/Springboard/EXERCISES/express-jobly/helpers/sql.js","statementMap":{"0":{"start":{"line":31,"column":17},"end":{"line":31,"column":42}},"1":{"start":{"line":32,"column":4},"end":{"line":32,"column":64}},"2":{"start":{"line":32,"column":27},"end":{"line":32,"column":64}},"3":{"start":{"line":35,"column":17},"end":{"line":35,"column":91}},"4":{"start":{"line":35,"column":44},"end":{"line":35,"column":90}},"5":{"start":{"line":37,"column":4},"end":{"line":40,"column":6}}},"fnMap":{"0":{"name":"sqlForPartialUpdate","decl":{"start":{"line":30,"column":9},"end":{"line":30,"column":28}},"loc":{"start":{"line":30,"column":52},"end":{"line":41,"column":1}},"line":30},"1":{"name":"(anonymous_1)","decl":{"start":{"line":35,"column":26},"end":{"line":35,"column":27}},"loc":{"start":{"line":35,"column":44},"end":{"line":35,"column":90}},"line":35}},"branchMap":{"0":{"loc":{"start":{"line":32,"column":4},"end":{"line":32,"column":64}},"type":"if","locations":[{"start":{"line":32,"column":4},"end":{"line":32,"column":64}},{"start":{},"end":{}}],"line":32},"1":{"loc":{"start":{"line":35,"column":48},"end":{"line":35,"column":75}},"type":"binary-expr","locations":[{"start":{"line":35,"column":48},"end":{"line":35,"column":64}},{"start":{"line":35,"column":68},"end":{"line":35,"column":75}}],"line":35}},"s":{"0":2,"1":2,"2":1,"3":1,"4":3,"5":1},"f":{"0":2,"1":3},"b":{"0":[1,1],"1":[3,1]},"_coverageSchema":"1a1c01bbd47fc00a2c39e90264f33305004495a9","hash":"e5c454550414c3d1f0081a795db85bd9d3962e61"}
}
