TN:
SF:expressError.js
FN:8,(anonymous_0)
FN:18,(anonymous_1)
FN:26,(anonymous_2)
FN:34,(anonymous_3)
FN:42,(anonymous_4)
FNF:5
FNH:2
FNDA:1,(anonymous_0)
FNDA:0,(anonymous_1)
FNDA:0,(anonymous_2)
FNDA:1,(anonymous_3)
FNDA:0,(anonymous_4)
DA:9,1
DA:10,1
DA:11,1
DA:19,0
DA:27,0
DA:35,1
DA:43,0
LF:7
LH:4
BRDA:18,0,0,0
BRDA:26,1,0,0
BRDA:34,2,0,0
BRDA:42,3,0,0
BRF:4
BRH:0
end_of_record
TN:
SF:helpers/sql.js
FN:30,sqlForPartialUpdate
FN:35,(anonymous_1)
FNF:2
FNH:2
FNDA:2,sqlForPartialUpdate
FNDA:3,(anonymous_1)
DA:31,2
DA:32,2
DA:35,3
DA:37,1
LF:4
LH:4
BRDA:32,0,0,1
BRDA:32,0,1,1
BRDA:35,1,0,3
BRDA:35,1,1,1
BRF:4
BRH:4
end_of_record
