TN:
SF:app.js
FN:26,(anonymous_0)
FN:31,(anonymous_1)
FNF:2
FNH:2
FNDA:2,(anonymous_0)
FNDA:40,(anonymous_1)
DA:14,4
DA:16,4
DA:17,4
DA:18,4
DA:19,4
DA:21,4
DA:22,4
DA:23,4
DA:26,4
DA:27,2
DA:31,4
DA:32,40
DA:33,40
DA:34,40
DA:36,40
LF:15
LH:15
BRDA:32,0,0,1
BRDA:32,0,1,39
BRDA:33,1,0,40
BRDA:33,1,1,2
BRF:4
BRH:4
end_of_record
TN:
SF:config.js
FN:16,getDatabaseUri
FNF:1
FNH:1
FNDA:19,getDatabaseUri
DA:7,10
DA:11,10
DA:13,10
DA:17,19
DA:23,10
DA:25,10
DA:26,10
DA:27,10
DA:28,10
DA:29,10
DA:30,10
LF:11
LH:11
BRDA:11,0,0,10
BRDA:11,0,1,9
BRDA:13,1,0,10
BRDA:13,1,1,9
BRDA:17,2,0,16
BRDA:17,2,1,3
BRDA:17,3,0,3
BRDA:17,3,1,1
BRDA:23,4,0,9
BRDA:23,4,1,1
BRF:10
BRH:10
end_of_record
TN:
SF:db.js
FN:16,(anonymous_0)
FN:17,(anonymous_1)
FNF:2
FNH:1
FNDA:6,(anonymous_0)
FNDA:0,(anonymous_1)
DA:6,6
DA:7,6
DA:9,6
DA:15,6
DA:16,6
DA:17,0
LF:6
LH:5
BRDA:10,0,0,6
BRDA:10,0,1,0
BRDA:12,1,0,6
BRDA:12,1,1,0
BRF:4
BRH:2
end_of_record
TN:
SF:expressError.js
FN:8,(anonymous_0)
FN:18,(anonymous_1)
FN:26,(anonymous_2)
FN:34,(anonymous_3)
FN:42,(anonymous_4)
FNF:5
FNH:4
FNDA:56,(anonymous_0)
FNDA:14,(anonymous_1)
FNDA:25,(anonymous_2)
FNDA:17,(anonymous_3)
FNDA:0,(anonymous_4)
DA:9,56
DA:10,56
DA:11,56
DA:19,14
DA:27,25
DA:35,17
DA:43,0
LF:7
LH:6
BRDA:18,0,0,2
BRDA:26,1,0,21
BRDA:34,2,0,0
BRDA:42,3,0,0
BRF:4
BRH:2
end_of_record
TN:
SF:helpers/sql.js
FN:30,sqlForPartialUpdate
FN:35,(anonymous_1)
FNF:2
FNH:2
FNDA:16,sqlForPartialUpdate
FNDA:27,(anonymous_1)
DA:31,16
DA:32,16
DA:35,27
DA:37,13
LF:4
LH:4
BRDA:32,0,0,3
BRDA:32,0,1,13
BRDA:35,1,0,27
BRDA:35,1,1,12
BRF:4
BRH:4
end_of_record
TN:
SF:helpers/tokens.js
FN:12,createToken
FNF:1
FNH:1
FNDA:13,createToken
DA:13,13
DA:15,13
DA:20,13
LF:3
LH:3
BRDA:17,0,0,13
BRDA:17,0,1,8
BRF:2
BRH:2
end_of_record
TN:
SF:middleware/auth.js
FN:15,authenticateJWT
FN:33,ensureLoggedIn
FN:47,ensureAdmin
FN:61,ensureCurrentUserOrAdmin
FNF:4
FNH:4
FNDA:65,authenticateJWT
FNDA:2,ensureLoggedIn
FNDA:28,ensureAdmin
FNDA:21,ensureCurrentUserOrAdmin
DA:16,65
DA:17,65
DA:18,65
DA:19,38
DA:20,38
DA:22,64
DA:24,1
DA:34,2
DA:35,2
DA:36,1
DA:38,1
DA:48,28
DA:49,28
DA:50,16
DA:52,12
DA:62,21
DA:63,21
DA:64,8
DA:66,13
DA:68,8
LF:20
LH:20
BRDA:17,0,0,65
BRDA:17,0,1,64
BRDA:18,1,0,38
BRDA:18,1,1,27
BRDA:35,2,0,1
BRDA:35,2,1,1
BRDA:49,3,0,12
BRDA:49,3,1,16
BRDA:49,4,0,28
BRDA:49,4,1,23
BRDA:63,5,0,8
BRDA:63,5,1,13
BRDA:63,6,0,21
BRDA:63,6,1,17
BRDA:63,7,0,17
BRDA:63,7,1,8
BRF:16
BRH:16
end_of_record
TN:
SF:models/_testCommon.js
FN:5,commonBeforeAll
FN:31,commonBeforeEach
FN:35,commonAfterEach
FN:39,commonAfterAll
FNF:4
FNH:4
FNDA:2,commonBeforeAll
FNDA:31,commonBeforeEach
FNDA:31,commonAfterEach
FNDA:2,commonAfterAll
DA:7,2
DA:9,2
DA:11,2
DA:17,2
DA:32,31
DA:36,31
DA:40,2
LF:7
LH:7
BRF:0
BRH:0
end_of_record
TN:
SF:models/company.js
FN:17,(anonymous_0)
FN:63,(anonymous_1)
FN:115,(anonymous_2)
FN:146,(anonymous_3)
FN:174,(anonymous_4)
FNF:5
FNH:5
FNDA:13,(anonymous_0)
FNDA:12,(anonymous_1)
FNDA:5,(anonymous_2)
FNDA:6,(anonymous_3)
FNDA:4,(anonymous_4)
DA:18,13
DA:25,13
DA:27,12
DA:34,12
DA:36,12
DA:65,12
DA:66,0
DA:70,12
DA:73,12
DA:74,12
DA:76,5
DA:77,5
DA:79,12
DA:81,4
DA:82,4
DA:84,12
DA:86,3
DA:87,3
DA:91,12
DA:94,12
DA:95,9
DA:99,12
DA:102,12
DA:104,11
DA:116,5
DA:127,5
DA:129,5
DA:131,3
DA:147,6
DA:151,5
DA:153,5
DA:161,5
DA:162,5
DA:164,5
DA:166,3
DA:175,4
DA:182,4
DA:184,4
LF:38
LH:37
BRDA:25,0,0,1
BRDA:25,0,1,12
BRDA:63,1,0,1
BRDA:65,2,0,0
BRDA:65,2,1,12
BRDA:65,3,0,12
BRDA:65,3,1,4
BRDA:65,3,2,1
BRDA:74,4,0,5
BRDA:74,4,1,7
BRDA:79,5,0,4
BRDA:79,5,1,8
BRDA:84,6,0,3
BRDA:84,6,1,9
BRDA:94,7,0,9
BRDA:94,7,1,3
BRDA:129,8,0,2
BRDA:129,8,1,3
BRDA:164,9,0,2
BRDA:164,9,1,3
BRDA:184,10,0,2
BRDA:184,10,1,2
BRF:22
BRH:21
end_of_record
TN:
SF:models/user.js
FN:18,(anonymous_0)
FN:53,(anonymous_1)
FN:90,(anonymous_2)
FN:112,(anonymous_3)
FN:148,(anonymous_4)
FN:179,(anonymous_5)
FNF:6
FNH:6
FNDA:7,(anonymous_0)
FNDA:16,(anonymous_1)
FNDA:3,(anonymous_2)
FNDA:5,(anonymous_3)
FNDA:8,(anonymous_4)
FNDA:5,(anonymous_5)
DA:20,7
DA:32,7
DA:34,7
DA:36,4
DA:37,4
DA:38,3
DA:39,3
DA:43,4
DA:54,16
DA:61,16
DA:62,1
DA:65,15
DA:67,15
DA:80,15
DA:82,15
DA:91,3
DA:101,2
DA:113,5
DA:124,5
DA:126,5
DA:128,3
DA:149,8
DA:150,2
DA:153,8
DA:158,7
DA:160,7
DA:168,7
DA:169,7
DA:171,7
DA:173,5
DA:174,5
DA:180,5
DA:187,5
DA:189,5
LF:34
LH:34
BRDA:34,0,0,4
BRDA:34,0,1,3
BRDA:37,1,0,3
BRDA:37,1,1,1
BRDA:61,2,0,1
BRDA:61,2,1,15
BRDA:126,3,0,2
BRDA:126,3,1,3
BRDA:149,4,0,2
BRDA:149,4,1,6
BRDA:171,5,0,2
BRDA:171,5,1,5
BRDA:189,6,0,2
BRDA:189,6,1,3
BRF:14
BRH:14
end_of_record
TN:
SF:routes/_testCommon.js
FN:6,commonBeforeAll
FN:60,commonBeforeEach
FN:64,commonAfterEach
FN:68,commonAfterAll
FNF:4
FNH:4
FNDA:3,commonBeforeAll
FNDA:60,commonBeforeEach
FNDA:60,commonAfterEach
FNDA:3,commonAfterAll
DA:8,3
DA:10,3
DA:12,3
DA:19,3
DA:26,3
DA:34,3
DA:42,3
DA:50,3
DA:61,60
DA:65,60
DA:69,3
DA:72,3
DA:74,3
LF:13
LH:13
BRF:0
BRH:0
end_of_record
TN:
SF:routes/auth.js
FN:20,(anonymous_0)
FN:24,(anonymous_1)
FN:46,(anonymous_2)
FN:50,(anonymous_3)
FNF:4
FNH:4
FNDA:5,(anonymous_0)
FNDA:2,(anonymous_1)
FNDA:3,(anonymous_2)
FNDA:5,(anonymous_3)
DA:11,4
DA:20,4
DA:21,5
DA:22,5
DA:23,5
DA:24,2
DA:25,2
DA:28,3
DA:29,3
DA:30,1
DA:31,1
DA:33,4
DA:46,4
DA:47,3
DA:48,3
DA:49,3
DA:50,5
DA:51,2
DA:54,1
DA:55,1
DA:56,1
DA:58,2
LF:22
LH:22
BRDA:23,0,0,2
BRDA:23,0,1,3
BRDA:49,1,0,2
BRDA:49,1,1,1
BRF:4
BRH:4
end_of_record
TN:
SF:routes/companies.js
FN:26,(anonymous_0)
FN:30,(anonymous_1)
FN:52,(anonymous_2)
FN:57,(anonymous_3)
FN:78,(anonymous_4)
FN:98,(anonymous_5)
FN:102,(anonymous_6)
FN:118,(anonymous_7)
FNF:8
FNH:8
FNDA:3,(anonymous_0)
FNDA:3,(anonymous_1)
FNDA:7,(anonymous_2)
FNDA:7,(anonymous_3)
FNDA:3,(anonymous_4)
FNDA:4,(anonymous_5)
FNDA:2,(anonymous_6)
FNDA:2,(anonymous_7)
DA:15,4
DA:26,4
DA:27,3
DA:28,3
DA:29,3
DA:30,3
DA:31,2
DA:34,1
DA:35,1
DA:37,2
DA:52,4
DA:53,7
DA:54,7
DA:57,7
DA:58,7
DA:59,1
DA:62,6
DA:63,6
DA:64,5
DA:66,2
DA:78,4
DA:79,3
DA:80,3
DA:81,2
DA:83,1
DA:98,4
DA:99,4
DA:100,4
DA:101,4
DA:102,2
DA:103,2
DA:106,2
DA:107,1
DA:109,3
DA:118,4
DA:119,2
DA:120,2
DA:121,1
DA:123,1
LF:39
LH:39
BRDA:29,0,0,2
BRDA:29,0,1,1
BRDA:58,1,0,1
BRDA:58,1,1,6
BRDA:62,2,0,6
BRDA:62,2,1,0
BRDA:101,3,0,2
BRDA:101,3,1,2
BRF:8
BRH:7
end_of_record
TN:
SF:routes/users.js
FN:26,(anonymous_0)
FN:30,(anonymous_1)
FN:49,(anonymous_2)
FN:65,(anonymous_3)
FN:84,(anonymous_4)
FN:88,(anonymous_5)
FN:104,(anonymous_6)
FNF:7
FNH:7
FNDA:4,(anonymous_0)
FNDA:5,(anonymous_1)
FNDA:2,(anonymous_2)
FNDA:3,(anonymous_3)
FNDA:5,(anonymous_4)
FNDA:1,(anonymous_5)
FNDA:3,(anonymous_6)
DA:12,4
DA:26,4
DA:27,4
DA:28,4
DA:29,4
DA:30,5
DA:31,2
DA:34,2
DA:35,2
DA:36,2
DA:38,2
DA:49,4
DA:50,2
DA:51,2
DA:52,1
DA:54,1
DA:65,4
DA:66,3
DA:67,3
DA:68,2
DA:70,1
DA:84,4
DA:85,5
DA:86,5
DA:87,5
DA:88,1
DA:89,1
DA:92,4
DA:93,3
DA:95,2
DA:104,4
DA:105,3
DA:106,3
DA:107,2
DA:109,1
LF:35
LH:35
BRDA:29,0,0,2
BRDA:29,0,1,2
BRDA:87,1,0,1
BRDA:87,1,1,4
BRF:4
BRH:4
end_of_record
