<?xml version="1.0" encoding="UTF-8"?>
<coverage generated="1704173823959" clover="3.2.0">
  <project timestamp="1704173823959" name="All files">
    <metrics statements="105" coveredstatements="101" conditionals="24" coveredconditionals="19" methods="15" coveredmethods="14" elements="144" coveredelements="134" complexity="0" loc="105" ncloc="105" packages="2" files="5" classes="5"/>
    <package name="BizTime">
      <metrics statements="24" coveredstatements="22" conditionals="12" coveredconditionals="7" methods="5" coveredmethods="4"/>
      <file name="app.js" path="/home/solnguyen93/Springboard/EXERCISES/BizTime/app.js">
        <metrics statements="11" coveredstatements="11" conditionals="4" coveredconditionals="3" methods="2" coveredmethods="2"/>
        <line num="9" count="1" type="stmt"/>
        <line num="11" count="1" type="stmt"/>
        <line num="13" count="1" type="stmt"/>
        <line num="14" count="1" type="stmt"/>
        <line num="17" count="1" type="stmt"/>
        <line num="18" count="1" type="stmt"/>
        <line num="19" count="1" type="stmt"/>
        <line num="23" count="1" type="stmt"/>
        <line num="24" count="9" type="cond" truecount="2" falsecount="0"/>
        <line num="25" count="9" type="cond" truecount="1" falsecount="1"/>
        <line num="26" count="9" type="stmt"/>
      </file>
      <file name="db.js" path="/home/solnguyen93/Springboard/EXERCISES/BizTime/db.js">
        <metrics statements="9" coveredstatements="7" conditionals="8" coveredconditionals="4" methods="2" coveredmethods="1"/>
        <line num="6" count="1" type="stmt"/>
        <line num="7" count="1" type="stmt"/>
        <line num="11" count="1" type="cond" truecount="1" falsecount="1"/>
        <line num="12" count="1" type="stmt"/>
        <line num="14" count="0" type="stmt"/>
        <line num="17" count="1" type="stmt"/>
        <line num="23" count="1" type="stmt"/>
        <line num="24" count="1" type="stmt"/>
        <line num="25" count="0" type="stmt"/>
      </file>
      <file name="expressError.js" path="/home/solnguyen93/Springboard/EXERCISES/BizTime/expressError.js">
        <metrics statements="4" coveredstatements="4" conditionals="0" coveredconditionals="0" methods="1" coveredmethods="1"/>
        <line num="9" count="7" type="stmt"/>
        <line num="10" count="7" type="stmt"/>
        <line num="11" count="7" type="stmt"/>
        <line num="12" count="7" type="stmt"/>
      </file>
    </package>
    <package name="BizTime.routes">
      <metrics statements="81" coveredstatements="79" conditionals="12" coveredconditionals="12" methods="10" coveredmethods="10"/>
      <file name="companies.js" path="/home/solnguyen93/Springboard/EXERCISES/BizTime/routes/companies.js">
        <metrics statements="41" coveredstatements="40" conditionals="6" coveredconditionals="6" methods="5" coveredmethods="5"/>
        <line num="4" count="1" type="stmt"/>
        <line num="10" count="1" type="stmt"/>
        <line num="11" count="1" type="stmt"/>
        <line num="12" count="1" type="stmt"/>
        <line num="14" count="1" type="stmt"/>
        <line num="16" count="0" type="stmt"/>
        <line num="21" count="1" type="stmt"/>
        <line num="22" count="2" type="stmt"/>
        <line num="23" count="2" type="stmt"/>
        <line num="24" count="2" type="stmt"/>
        <line num="31" count="2" type="cond" truecount="2" falsecount="0"/>
        <line num="32" count="1" type="stmt"/>
        <line num="34" count="1" type="stmt"/>
        <line num="36" count="1" type="stmt"/>
        <line num="51" count="1" type="stmt"/>
        <line num="56" count="1" type="stmt"/>
        <line num="57" count="2" type="stmt"/>
        <line num="59" count="2" type="stmt"/>
        <line num="60" count="2" type="stmt"/>
        <line num="61" count="1" type="stmt"/>
        <line num="63" count="1" type="stmt"/>
        <line num="65" count="1" type="stmt"/>
        <line num="70" count="1" type="stmt"/>
        <line num="71" count="2" type="stmt"/>
        <line num="72" count="2" type="stmt"/>
        <line num="73" count="2" type="stmt"/>
        <line num="74" count="2" type="cond" truecount="2" falsecount="0"/>
        <line num="75" count="1" type="stmt"/>
        <line num="78" count="1" type="stmt"/>
        <line num="79" count="1" type="stmt"/>
        <line num="81" count="1" type="stmt"/>
        <line num="83" count="1" type="stmt"/>
        <line num="88" count="1" type="stmt"/>
        <line num="89" count="2" type="stmt"/>
        <line num="90" count="2" type="stmt"/>
        <line num="91" count="2" type="stmt"/>
        <line num="92" count="2" type="cond" truecount="2" falsecount="0"/>
        <line num="93" count="1" type="stmt"/>
        <line num="95" count="1" type="stmt"/>
        <line num="96" count="1" type="stmt"/>
        <line num="98" count="1" type="stmt"/>
      </file>
      <file name="invoices.js" path="/home/solnguyen93/Springboard/EXERCISES/BizTime/routes/invoices.js">
        <metrics statements="40" coveredstatements="39" conditionals="6" coveredconditionals="6" methods="5" coveredmethods="5"/>
        <line num="4" count="1" type="stmt"/>
        <line num="9" count="1" type="stmt"/>
        <line num="10" count="1" type="stmt"/>
        <line num="11" count="1" type="stmt"/>
        <line num="13" count="1" type="stmt"/>
        <line num="15" count="0" type="stmt"/>
        <line num="20" count="1" type="stmt"/>
        <line num="21" count="2" type="stmt"/>
        <line num="22" count="2" type="stmt"/>
        <line num="23" count="2" type="stmt"/>
        <line num="30" count="2" type="cond" truecount="2" falsecount="0"/>
        <line num="31" count="1" type="stmt"/>
        <line num="33" count="1" type="stmt"/>
        <line num="35" count="1" type="stmt"/>
        <line num="50" count="1" type="stmt"/>
        <line num="55" count="1" type="stmt"/>
        <line num="56" count="2" type="stmt"/>
        <line num="58" count="2" type="stmt"/>
        <line num="59" count="2" type="stmt"/>
        <line num="61" count="1" type="stmt"/>
        <line num="63" count="1" type="stmt"/>
        <line num="68" count="1" type="stmt"/>
        <line num="69" count="2" type="stmt"/>
        <line num="70" count="2" type="stmt"/>
        <line num="71" count="2" type="stmt"/>
        <line num="72" count="2" type="cond" truecount="2" falsecount="0"/>
        <line num="73" count="1" type="stmt"/>
        <line num="76" count="1" type="stmt"/>
        <line num="77" count="1" type="stmt"/>
        <line num="79" count="1" type="stmt"/>
        <line num="81" count="1" type="stmt"/>
        <line num="86" count="1" type="stmt"/>
        <line num="87" count="2" type="stmt"/>
        <line num="88" count="2" type="stmt"/>
        <line num="89" count="2" type="stmt"/>
        <line num="90" count="2" type="cond" truecount="2" falsecount="0"/>
        <line num="91" count="1" type="stmt"/>
        <line num="93" count="1" type="stmt"/>
        <line num="94" count="1" type="stmt"/>
        <line num="96" count="1" type="stmt"/>
      </file>
    </package>
  </project>
</coverage>
