{"/home/solnguyen93/Springboard/EXERCISES/BizTime/app.js": {"path":"/home/solnguyen93/Springboard/EXERCISES/BizTime/app.js","statementMap":{"0":{"start":{"line":9,"column":12},"end":{"line":9,"column":21}},"1":{"start":{"line":11,"column":0},"end":{"line":11,"column":24}},"2":{"start":{"line":13,"column":0},"end":{"line":13,"column":39}},"3":{"start":{"line":14,"column":0},"end":{"line":14,"column":37}},"4":{"start":{"line":17,"column":0},"end":{"line":20,"column":3}},"5":{"start":{"line":18,"column":14},"end":{"line":18,"column":53}},"6":{"start":{"line":19,"column":4},"end":{"line":19,"column":12}},"7":{"start":{"line":23,"column":0},"end":{"line":29,"column":3}},"8":{"start":{"line":24,"column":17},"end":{"line":24,"column":36}},"9":{"start":{"line":25,"column":18},"end":{"line":25,"column":58}},"10":{"start":{"line":26,"column":4},"end":{"line":28,"column":7}}},"fnMap":{"0":{"name":"(anonymous_0)","decl":{"start":{"line":17,"column":8},"end":{"line":17,"column":9}},"loc":{"start":{"line":17,"column":28},"end":{"line":20,"column":1}},"line":17},"1":{"name":"(anonymous_1)","decl":{"start":{"line":23,"column":8},"end":{"line":23,"column":9}},"loc":{"start":{"line":23,"column":35},"end":{"line":29,"column":1}},"line":23}},"branchMap":{"0":{"loc":{"start":{"line":24,"column":17},"end":{"line":24,"column":36}},"type":"binary-expr","locations":[{"start":{"line":24,"column":17},"end":{"line":24,"column":29}},{"start":{"line":24,"column":33},"end":{"line":24,"column":36}}],"line":24},"1":{"loc":{"start":{"line":25,"column":18},"end":{"line":25,"column":58}},"type":"binary-expr","locations":[{"start":{"line":25,"column":18},"end":{"line":25,"column":31}},{"start":{"line":25,"column":35},"end":{"line":25,"column":58}}],"line":25}},"s":{"0":1,"1":1,"2":1,"3":1,"4":1,"5":1,"6":1,"7":1,"8":9,"9":9,"10":9},"f":{"0":1,"1":9},"b":{"0":[9,2],"1":[9,0]},"_coverageSchema":"1a1c01bbd47fc00a2c39e90264f33305004495a9","hash":"5d5f5aca8e46431002fd4100132d08529bfa1478"}
,"/home/solnguyen93/Springboard/EXERCISES/BizTime/db.js": {"path":"/home/solnguyen93/Springboard/EXERCISES/BizTime/db.js","statementMap":{"0":{"start":{"line":6,"column":0},"end":{"line":6,"column":16}},"1":{"start":{"line":7,"column":19},"end":{"line":7,"column":22}},"2":{"start":{"line":11,"column":0},"end":{"line":15,"column":1}},"3":{"start":{"line":12,"column":4},"end":{"line":12,"column":29}},"4":{"start":{"line":14,"column":4},"end":{"line":14,"column":24}},"5":{"start":{"line":17,"column":11},"end":{"line":21,"column":2}},"6":{"start":{"line":23,"column":0},"end":{"line":25,"column":81}},"7":{"start":{"line":24,"column":16},"end":{"line":24,"column":56}},"8":{"start":{"line":25,"column":22},"end":{"line":25,"column":79}}},"fnMap":{"0":{"name":"(anonymous_0)","decl":{"start":{"line":24,"column":10},"end":{"line":24,"column":11}},"loc":{"start":{"line":24,"column":16},"end":{"line":24,"column":56}},"line":24},"1":{"name":"(anonymous_1)","decl":{"start":{"line":25,"column":11},"end":{"line":25,"column":12}},"loc":{"start":{"line":25,"column":22},"end":{"line":25,"column":79}},"line":25}},"branchMap":{"0":{"loc":{"start":{"line":11,"column":0},"end":{"line":15,"column":1}},"type":"if","locations":[{"start":{"line":11,"column":0},"end":{"line":15,"column":1}},{"start":{"line":13,"column":7},"end":{"line":15,"column":1}}],"line":11},"1":{"loc":{"start":{"line":18,"column":10},"end":{"line":18,"column":48}},"type":"binary-expr","locations":[{"start":{"line":18,"column":10},"end":{"line":18,"column":29}},{"start":{"line":18,"column":33},"end":{"line":18,"column":48}}],"line":18},"2":{"loc":{"start":{"line":19,"column":14},"end":{"line":19,"column":45}},"type":"binary-expr","locations":[{"start":{"line":19,"column":14},"end":{"line":19,"column":21}},{"start":{"line":19,"column":25},"end":{"line":19,"column":45}}],"line":19},"3":{"loc":{"start":{"line":20,"column":14},"end":{"line":20,"column":56}},"type":"binary-expr","locations":[{"start":{"line":20,"column":14},"end":{"line":20,"column":37}},{"start":{"line":20,"column":41},"end":{"line":20,"column":56}}],"line":20}},"s":{"0":1,"1":1,"2":1,"3":1,"4":0,"5":1,"6":1,"7":1,"8":0},"f":{"0":1,"1":0},"b":{"0":[1,0],"1":[1,0],"2":[1,0],"3":[1,0]},"_coverageSchema":"1a1c01bbd47fc00a2c39e90264f33305004495a9","hash":"9acf569b4869b326b5951bafc863bea4687b883c"}
,"/home/solnguyen93/Springboard/EXERCISES/BizTime/expressError.js": {"path":"/home/solnguyen93/Springboard/EXERCISES/BizTime/expressError.js","statementMap":{"0":{"start":{"line":9,"column":8},"end":{"line":9,"column":16}},"1":{"start":{"line":10,"column":8},"end":{"line":10,"column":31}},"2":{"start":{"line":11,"column":8},"end":{"line":11,"column":29}},"3":{"start":{"line":12,"column":8},"end":{"line":12,"column":34}}},"fnMap":{"0":{"name":"(anonymous_0)","decl":{"start":{"line":8,"column":4},"end":{"line":8,"column":5}},"loc":{"start":{"line":8,"column":33},"end":{"line":13,"column":5}},"line":8}},"branchMap":{},"s":{"0":7,"1":7,"2":7,"3":7},"f":{"0":7},"b":{},"_coverageSchema":"1a1c01bbd47fc00a2c39e90264f33305004495a9","hash":"b718e41cedf9caa548c8388e540af30d67fb4b77"}
,"/home/solnguyen93/Springboard/EXERCISES/BizTime/routes/companies.js": {"path":"/home/solnguyen93/Springboard/EXERCISES/BizTime/routes/companies.js","statementMap":{"0":{"start":{"line":4,"column":24},"end":{"line":4,"column":40}},"1":{"start":{"line":10,"column":0},"end":{"line":18,"column":3}},"2":{"start":{"line":11,"column":4},"end":{"line":17,"column":5}},"3":{"start":{"line":12,"column":24},"end":{"line":12,"column":65}},"4":{"start":{"line":14,"column":8},"end":{"line":14,"column":53}},"5":{"start":{"line":16,"column":8},"end":{"line":16,"column":25}},"6":{"start":{"line":21,"column":0},"end":{"line":53,"column":3}},"7":{"start":{"line":22,"column":4},"end":{"line":52,"column":5}},"8":{"start":{"line":23,"column":25},"end":{"line":23,"column":35}},"9":{"start":{"line":24,"column":24},"end":{"line":30,"column":9}},"10":{"start":{"line":31,"column":8},"end":{"line":33,"column":9}},"11":{"start":{"line":32,"column":12},"end":{"line":32,"column":61}},"12":{"start":{"line":34,"column":74},"end":{"line":34,"column":89}},"13":{"start":{"line":36,"column":8},"end":{"line":49,"column":11}},"14":{"start":{"line":51,"column":8},"end":{"line":51,"column":18}},"15":{"start":{"line":56,"column":0},"end":{"line":67,"column":3}},"16":{"start":{"line":57,"column":4},"end":{"line":66,"column":5}},"17":{"start":{"line":59,"column":38},"end":{"line":59,"column":46}},"18":{"start":{"line":60,"column":21},"end":{"line":60,"column":51}},"19":{"start":{"line":61,"column":24},"end":{"line":61,"column":122}},"20":{"start":{"line":63,"column":8},"end":{"line":63,"column":66}},"21":{"start":{"line":65,"column":8},"end":{"line":65,"column":18}},"22":{"start":{"line":70,"column":0},"end":{"line":85,"column":3}},"23":{"start":{"line":71,"column":4},"end":{"line":84,"column":5}},"24":{"start":{"line":72,"column":25},"end":{"line":72,"column":35}},"25":{"start":{"line":73,"column":24},"end":{"line":73,"column":89}},"26":{"start":{"line":74,"column":8},"end":{"line":76,"column":9}},"27":{"start":{"line":75,"column":12},"end":{"line":75,"column":61}},"28":{"start":{"line":78,"column":38},"end":{"line":78,"column":46}},"29":{"start":{"line":79,"column":24},"end":{"line":79,"column":145}},"30":{"start":{"line":81,"column":8},"end":{"line":81,"column":66}},"31":{"start":{"line":83,"column":8},"end":{"line":83,"column":18}},"32":{"start":{"line":88,"column":0},"end":{"line":100,"column":3}},"33":{"start":{"line":89,"column":4},"end":{"line":99,"column":5}},"34":{"start":{"line":90,"column":25},"end":{"line":90,"column":35}},"35":{"start":{"line":91,"column":24},"end":{"line":91,"column":89}},"36":{"start":{"line":92,"column":8},"end":{"line":94,"column":9}},"37":{"start":{"line":93,"column":12},"end":{"line":93,"column":61}},"38":{"start":{"line":95,"column":8},"end":{"line":95,"column":72}},"39":{"start":{"line":96,"column":8},"end":{"line":96,"column":52}},"40":{"start":{"line":98,"column":8},"end":{"line":98,"column":18}}},"fnMap":{"0":{"name":"(anonymous_0)","decl":{"start":{"line":10,"column":25},"end":{"line":10,"column":26}},"loc":{"start":{"line":10,"column":51},"end":{"line":18,"column":1}},"line":10},"1":{"name":"(anonymous_1)","decl":{"start":{"line":21,"column":30},"end":{"line":21,"column":31}},"loc":{"start":{"line":21,"column":56},"end":{"line":53,"column":1}},"line":21},"2":{"name":"(anonymous_2)","decl":{"start":{"line":56,"column":26},"end":{"line":56,"column":27}},"loc":{"start":{"line":56,"column":52},"end":{"line":67,"column":1}},"line":56},"3":{"name":"(anonymous_3)","decl":{"start":{"line":70,"column":30},"end":{"line":70,"column":31}},"loc":{"start":{"line":70,"column":56},"end":{"line":85,"column":1}},"line":70},"4":{"name":"(anonymous_4)","decl":{"start":{"line":88,"column":33},"end":{"line":88,"column":34}},"loc":{"start":{"line":88,"column":59},"end":{"line":100,"column":1}},"line":88}},"branchMap":{"0":{"loc":{"start":{"line":31,"column":8},"end":{"line":33,"column":9}},"type":"if","locations":[{"start":{"line":31,"column":8},"end":{"line":33,"column":9}},{"start":{},"end":{}}],"line":31},"1":{"loc":{"start":{"line":74,"column":8},"end":{"line":76,"column":9}},"type":"if","locations":[{"start":{"line":74,"column":8},"end":{"line":76,"column":9}},{"start":{},"end":{}}],"line":74},"2":{"loc":{"start":{"line":92,"column":8},"end":{"line":94,"column":9}},"type":"if","locations":[{"start":{"line":92,"column":8},"end":{"line":94,"column":9}},{"start":{},"end":{}}],"line":92}},"s":{"0":1,"1":1,"2":1,"3":1,"4":1,"5":0,"6":1,"7":2,"8":2,"9":2,"10":2,"11":1,"12":1,"13":1,"14":1,"15":1,"16":2,"17":2,"18":2,"19":1,"20":1,"21":1,"22":1,"23":2,"24":2,"25":2,"26":2,"27":1,"28":1,"29":1,"30":1,"31":1,"32":1,"33":2,"34":2,"35":2,"36":2,"37":1,"38":1,"39":1,"40":1},"f":{"0":1,"1":2,"2":2,"3":2,"4":2},"b":{"0":[1,1],"1":[1,1],"2":[1,1]},"_coverageSchema":"1a1c01bbd47fc00a2c39e90264f33305004495a9","hash":"69f852aee12edeabc5c9ca5ac4ad72d746b0f8a6"}
,"/home/solnguyen93/Springboard/EXERCISES/BizTime/routes/invoices.js": {"path":"/home/solnguyen93/Springboard/EXERCISES/BizTime/routes/invoices.js","statementMap":{"0":{"start":{"line":4,"column":23},"end":{"line":4,"column":39}},"1":{"start":{"line":9,"column":0},"end":{"line":17,"column":3}},"2":{"start":{"line":10,"column":4},"end":{"line":16,"column":5}},"3":{"start":{"line":11,"column":24},"end":{"line":11,"column":76}},"4":{"start":{"line":13,"column":8},"end":{"line":13,"column":52}},"5":{"start":{"line":15,"column":8},"end":{"line":15,"column":25}},"6":{"start":{"line":20,"column":0},"end":{"line":52,"column":3}},"7":{"start":{"line":21,"column":4},"end":{"line":51,"column":5}},"8":{"start":{"line":22,"column":23},"end":{"line":22,"column":33}},"9":{"start":{"line":23,"column":24},"end":{"line":29,"column":9}},"10":{"start":{"line":30,"column":8},"end":{"line":32,"column":9}},"11":{"start":{"line":31,"column":12},"end":{"line":31,"column":61}},"12":{"start":{"line":33,"column":76},"end":{"line":33,"column":91}},"13":{"start":{"line":35,"column":8},"end":{"line":48,"column":11}},"14":{"start":{"line":50,"column":8},"end":{"line":50,"column":18}},"15":{"start":{"line":55,"column":0},"end":{"line":65,"column":3}},"16":{"start":{"line":56,"column":4},"end":{"line":64,"column":5}},"17":{"start":{"line":58,"column":35},"end":{"line":58,"column":43}},"18":{"start":{"line":59,"column":24},"end":{"line":59,"column":125}},"19":{"start":{"line":61,"column":8},"end":{"line":61,"column":66}},"20":{"start":{"line":63,"column":8},"end":{"line":63,"column":18}},"21":{"start":{"line":68,"column":0},"end":{"line":83,"column":3}},"22":{"start":{"line":69,"column":4},"end":{"line":82,"column":5}},"23":{"start":{"line":70,"column":23},"end":{"line":70,"column":33}},"24":{"start":{"line":71,"column":24},"end":{"line":71,"column":84}},"25":{"start":{"line":72,"column":8},"end":{"line":74,"column":9}},"26":{"start":{"line":73,"column":12},"end":{"line":73,"column":61}},"27":{"start":{"line":76,"column":24},"end":{"line":76,"column":32}},"28":{"start":{"line":77,"column":24},"end":{"line":77,"column":89}},"29":{"start":{"line":79,"column":8},"end":{"line":79,"column":54}},"30":{"start":{"line":81,"column":8},"end":{"line":81,"column":18}},"31":{"start":{"line":86,"column":0},"end":{"line":98,"column":3}},"32":{"start":{"line":87,"column":4},"end":{"line":97,"column":5}},"33":{"start":{"line":88,"column":23},"end":{"line":88,"column":33}},"34":{"start":{"line":89,"column":24},"end":{"line":89,"column":84}},"35":{"start":{"line":90,"column":8},"end":{"line":92,"column":9}},"36":{"start":{"line":91,"column":12},"end":{"line":91,"column":61}},"37":{"start":{"line":93,"column":8},"end":{"line":93,"column":67}},"38":{"start":{"line":94,"column":8},"end":{"line":94,"column":40}},"39":{"start":{"line":96,"column":8},"end":{"line":96,"column":18}}},"fnMap":{"0":{"name":"(anonymous_0)","decl":{"start":{"line":9,"column":24},"end":{"line":9,"column":25}},"loc":{"start":{"line":9,"column":50},"end":{"line":17,"column":1}},"line":9},"1":{"name":"(anonymous_1)","decl":{"start":{"line":20,"column":27},"end":{"line":20,"column":28}},"loc":{"start":{"line":20,"column":53},"end":{"line":52,"column":1}},"line":20},"2":{"name":"(anonymous_2)","decl":{"start":{"line":55,"column":25},"end":{"line":55,"column":26}},"loc":{"start":{"line":55,"column":51},"end":{"line":65,"column":1}},"line":55},"3":{"name":"(anonymous_3)","decl":{"start":{"line":68,"column":27},"end":{"line":68,"column":28}},"loc":{"start":{"line":68,"column":53},"end":{"line":83,"column":1}},"line":68},"4":{"name":"(anonymous_4)","decl":{"start":{"line":86,"column":30},"end":{"line":86,"column":31}},"loc":{"start":{"line":86,"column":56},"end":{"line":98,"column":1}},"line":86}},"branchMap":{"0":{"loc":{"start":{"line":30,"column":8},"end":{"line":32,"column":9}},"type":"if","locations":[{"start":{"line":30,"column":8},"end":{"line":32,"column":9}},{"start":{},"end":{}}],"line":30},"1":{"loc":{"start":{"line":72,"column":8},"end":{"line":74,"column":9}},"type":"if","locations":[{"start":{"line":72,"column":8},"end":{"line":74,"column":9}},{"start":{},"end":{}}],"line":72},"2":{"loc":{"start":{"line":90,"column":8},"end":{"line":92,"column":9}},"type":"if","locations":[{"start":{"line":90,"column":8},"end":{"line":92,"column":9}},{"start":{},"end":{}}],"line":90}},"s":{"0":1,"1":1,"2":1,"3":1,"4":1,"5":0,"6":1,"7":2,"8":2,"9":2,"10":2,"11":1,"12":1,"13":1,"14":1,"15":1,"16":2,"17":2,"18":2,"19":1,"20":1,"21":1,"22":2,"23":2,"24":2,"25":2,"26":1,"27":1,"28":1,"29":1,"30":1,"31":1,"32":2,"33":2,"34":2,"35":2,"36":1,"37":1,"38":1,"39":1},"f":{"0":1,"1":2,"2":2,"3":2,"4":2},"b":{"0":[1,1],"1":[1,1],"2":[1,1]},"_coverageSchema":"1a1c01bbd47fc00a2c39e90264f33305004495a9","hash":"1dfbfa0513ca87e7cb12a67653d15de59f074c31"}
}
