TN:
SF:app.js
FN:17,(anonymous_0)
FN:23,(anonymous_1)
FNF:2
FNH:2
FNDA:1,(anonymous_0)
FNDA:9,(anonymous_1)
DA:9,1
DA:11,1
DA:13,1
DA:14,1
DA:17,1
DA:18,1
DA:19,1
DA:23,1
DA:24,9
DA:25,9
DA:26,9
LF:11
LH:11
BRDA:24,0,0,9
BRDA:24,0,1,2
BRDA:25,1,0,9
BRDA:25,1,1,0
BRF:4
BRH:3
end_of_record
TN:
SF:db.js
FN:24,(anonymous_0)
FN:25,(anonymous_1)
FNF:2
FNH:1
FNDA:1,(anonymous_0)
FNDA:0,(anonymous_1)
DA:6,1
DA:7,1
DA:11,1
DA:12,1
DA:14,0
DA:17,1
DA:23,1
DA:24,1
DA:25,0
LF:9
LH:7
BRDA:11,0,0,1
BRDA:11,0,1,0
BRDA:18,1,0,1
BRDA:18,1,1,0
BRDA:19,2,0,1
BRDA:19,2,1,0
BRDA:20,3,0,1
BRDA:20,3,1,0
BRF:8
BRH:4
end_of_record
TN:
SF:expressError.js
FN:8,(anonymous_0)
FNF:1
FNH:1
FNDA:7,(anonymous_0)
DA:9,7
DA:10,7
DA:11,7
DA:12,7
LF:4
LH:4
BRF:0
BRH:0
end_of_record
TN:
SF:routes/companies.js
FN:10,(anonymous_0)
FN:21,(anonymous_1)
FN:56,(anonymous_2)
FN:70,(anonymous_3)
FN:88,(anonymous_4)
FNF:5
FNH:5
FNDA:1,(anonymous_0)
FNDA:2,(anonymous_1)
FNDA:2,(anonymous_2)
FNDA:2,(anonymous_3)
FNDA:2,(anonymous_4)
DA:4,1
DA:10,1
DA:11,1
DA:12,1
DA:14,1
DA:16,0
DA:21,1
DA:22,2
DA:23,2
DA:24,2
DA:31,2
DA:32,1
DA:34,1
DA:36,1
DA:51,1
DA:56,1
DA:57,2
DA:59,2
DA:60,2
DA:61,1
DA:63,1
DA:65,1
DA:70,1
DA:71,2
DA:72,2
DA:73,2
DA:74,2
DA:75,1
DA:78,1
DA:79,1
DA:81,1
DA:83,1
DA:88,1
DA:89,2
DA:90,2
DA:91,2
DA:92,2
DA:93,1
DA:95,1
DA:96,1
DA:98,1
LF:41
LH:40
BRDA:31,0,0,1
BRDA:31,0,1,1
BRDA:74,1,0,1
BRDA:74,1,1,1
BRDA:92,2,0,1
BRDA:92,2,1,1
BRF:6
BRH:6
end_of_record
TN:
SF:routes/invoices.js
FN:9,(anonymous_0)
FN:20,(anonymous_1)
FN:55,(anonymous_2)
FN:68,(anonymous_3)
FN:86,(anonymous_4)
FNF:5
FNH:5
FNDA:1,(anonymous_0)
FNDA:2,(anonymous_1)
FNDA:2,(anonymous_2)
FNDA:2,(anonymous_3)
FNDA:2,(anonymous_4)
DA:4,1
DA:9,1
DA:10,1
DA:11,1
DA:13,1
DA:15,0
DA:20,1
DA:21,2
DA:22,2
DA:23,2
DA:30,2
DA:31,1
DA:33,1
DA:35,1
DA:50,1
DA:55,1
DA:56,2
DA:58,2
DA:59,2
DA:61,1
DA:63,1
DA:68,1
DA:69,2
DA:70,2
DA:71,2
DA:72,2
DA:73,1
DA:76,1
DA:77,1
DA:79,1
DA:81,1
DA:86,1
DA:87,2
DA:88,2
DA:89,2
DA:90,2
DA:91,1
DA:93,1
DA:94,1
DA:96,1
LF:40
LH:39
BRDA:30,0,0,1
BRDA:30,0,1,1
BRDA:72,1,0,1
BRDA:72,1,1,1
BRDA:90,2,0,1
BRDA:90,2,1,1
BRF:6
BRH:6
end_of_record
